[2015-06-24 21:56:22] INFO  (GetBalance.java: 51) - Your account balance: $4.94
[2015-06-24 21:58:43] INFO  (CreateQualificationType.java: 138) - Created qualification type: 30WE2SQT14YJY1LGMWZ0556ESPA5C4
[2015-06-24 21:58:43] INFO  (CreateQualificationType.java: 148) - You can take the test here: https://workersandbox.mturk.com/mturk/requestqualification?qualificationId=30WE2SQT14YJY1LGMWZ0556ESPA5C4
[2015-06-24 21:59:39] INFO  (LoadHITs.java: 193) - --[Initializing]----------
[2015-06-24 21:59:39] INFO  (LoadHITs.java: 194) -  Input: ../samples/helloworld/helloworld.input
[2015-06-24 21:59:39] INFO  (LoadHITs.java: 195) -  Properties: ../samples/helloworld/helloworld.properties
[2015-06-24 21:59:39] INFO  (LoadHITs.java: 196) -  Question File: ../samples/helloworld/helloworld.question
[2015-06-24 21:59:39] INFO  (LoadHITs.java: 202) -  Preview mode disabled
[2015-06-24 21:59:41] INFO  (LoadHITs.java: 229) - --[Loading HITs]----------
[2015-06-24 21:59:41] INFO  (LoadHITs.java: 231) -   Start time: Wed Jun 24 21:59:41 PDT 2015
[2015-06-24 21:59:41] DEBUG (WorkQueue.java: 53) - Instantiating work queue with 2 threads
[2015-06-24 21:59:41] INFO  (RequesterService.java: 1548) - Created HIT 1: HITId=3AC6MFV69KPFZ0UEO02YTPPOW7SZHN
[2015-06-24 21:59:41] INFO  (RequesterService.java: 1548) - Created HIT 2: HITId=3R868ACW4SJ1Z4Z34UKG8PDNH7FZGO
[2015-06-24 21:59:42] INFO  (RequesterService.java: 1548) - Created HIT 3: HITId=3TUOHPJXYH48RVPOIH0DX7J03V7WXN
[2015-06-24 21:59:42] INFO  (RequesterService.java: 1548) - Created HIT 4: HITId=3URJ6VVYUPU9OKSC7K7YJ29G7Y3O4O
[2015-06-24 21:59:42] INFO  (RequesterService.java: 1548) - Created HIT 5: HITId=3P4ZBJFX2VARR9Y3INURR0JTZQBWFW
[2015-06-24 21:59:42] INFO  (RequesterService.java: 1592) - 
You may see your HIT(s) with HITTypeId '3AKE04YHPN9ZPR2WIS8FD5IH08AHZ1' here: 
[2015-06-24 21:59:42] INFO  (RequesterService.java: 1593) - 
  https://workersandbox.mturk.com/mturk/preview?groupId=3AKE04YHPN9ZPR2WIS8FD5IH08AHZ1

[2015-06-24 21:59:42] INFO  (LoadHITs.java: 239) -   End time: Wed Jun 24 21:59:42 PDT 2015
[2015-06-24 21:59:42] INFO  (LoadHITs.java: 240) - --[Done Loading HITs]----------
[2015-06-24 21:59:42] INFO  (LoadHITs.java: 241) -   Total load time: 1 seconds.
[2015-06-24 21:59:42] INFO  (LoadHITs.java: 243) -   Successfully loaded 5 HITs.
[2015-06-24 22:00:13] INFO  (LoadHITs.java: 193) - --[Initializing]----------
[2015-06-24 22:00:13] INFO  (LoadHITs.java: 194) -  Input: ../samples/helloworld/helloworld.input
[2015-06-24 22:00:13] INFO  (LoadHITs.java: 195) -  Properties: ../samples/helloworld/helloworld.properties
[2015-06-24 22:00:13] INFO  (LoadHITs.java: 196) -  Question File: ../samples/helloworld/helloworld.question
[2015-06-24 22:00:13] INFO  (LoadHITs.java: 202) -  Preview mode disabled
[2015-06-24 22:00:15] INFO  (LoadHITs.java: 229) - --[Loading HITs]----------
[2015-06-24 22:00:15] INFO  (LoadHITs.java: 231) -   Start time: Wed Jun 24 22:00:15 PDT 2015
[2015-06-24 22:00:15] DEBUG (WorkQueue.java: 53) - Instantiating work queue with 2 threads
[2015-06-24 22:00:16] INFO  (RequesterService.java: 1548) - Created HIT 1: HITId=322ZSN9Z5GRP1CXK31TXDCF366L4TR
[2015-06-24 22:00:16] INFO  (RequesterService.java: 1548) - Created HIT 2: HITId=3ECKRY5B1Q3FVV5YUIKJT1Q3WK7ZIG
[2015-06-24 22:00:16] INFO  (RequesterService.java: 1548) - Created HIT 3: HITId=3ZXNP4Z39RSY1M7YWQPDUXPW3VP7LB
[2015-06-24 22:00:16] INFO  (RequesterService.java: 1548) - Created HIT 4: HITId=38O9DZ0A62U9W07L3A2G9NQR2KE26I
[2015-06-24 22:00:16] INFO  (RequesterService.java: 1548) - Created HIT 5: HITId=3LN3BXKGC02X59UYT7099LJ505BWGV
[2015-06-24 22:00:16] INFO  (RequesterService.java: 1592) - 
You may see your HIT(s) with HITTypeId '3AKE04YHPN9ZPR2WIS8FD5IH08AHZ1' here: 
[2015-06-24 22:00:16] INFO  (RequesterService.java: 1593) - 
  https://workersandbox.mturk.com/mturk/preview?groupId=3AKE04YHPN9ZPR2WIS8FD5IH08AHZ1

[2015-06-24 22:00:16] INFO  (LoadHITs.java: 239) -   End time: Wed Jun 24 22:00:16 PDT 2015
[2015-06-24 22:00:16] INFO  (LoadHITs.java: 240) - --[Done Loading HITs]----------
[2015-06-24 22:00:16] INFO  (LoadHITs.java: 241) -   Total load time: 1 seconds.
[2015-06-24 22:00:16] INFO  (LoadHITs.java: 243) -   Successfully loaded 5 HITs.
[2015-06-24 22:00:50] ERROR (AbstractCmd.java: 150) - An error occurred: ../samples/helloworld/helloworld.results (No such file or directory)
java.io.FileNotFoundException: ../samples/helloworld/helloworld.results (No such file or directory)
	at java.io.FileInputStream.open(Native Method)
	at java.io.FileInputStream.<init>(FileInputStream.java:146)
	at java.io.FileInputStream.<init>(FileInputStream.java:101)
	at com.amazonaws.mturk.addon.HITDataCSVReader.<init>(HITDataCSVReader.java:46)
	at com.amazonaws.mturk.addon.HITDataCSVReader.<init>(HITDataCSVReader.java:41)
	at com.amazonaws.mturk.cmd.AbstractCmd.getFieldValuesFromFile(AbstractCmd.java:161)
	at com.amazonaws.mturk.cmd.ReviewResults.reviewAssignments(ReviewResults.java:83)
	at com.amazonaws.mturk.cmd.ReviewResults.runCommand(ReviewResults.java:69)
	at com.amazonaws.mturk.cmd.AbstractCmd.run(AbstractCmd.java:148)
	at com.amazonaws.mturk.cmd.ReviewResults.main(ReviewResults.java:45)
[2015-06-24 22:00:53] INFO  (GetResults.java: 119) - --[Retrieving Results]----------
[2015-06-24 22:00:53] DEBUG (WorkQueue.java: 53) - Instantiating work queue with 2 threads
[2015-06-24 22:00:55] INFO  (GetResults.java: 162) - Retrieved HIT 1/5, 322ZSN9Z5GRP1CXK31TXDCF366L4TR
[2015-06-24 22:00:55] INFO  (GetResults.java: 162) - Retrieved HIT 2/5, 3ECKRY5B1Q3FVV5YUIKJT1Q3WK7ZIG
[2015-06-24 22:00:55] INFO  (GetResults.java: 162) - Retrieved HIT 3/5, 3ZXNP4Z39RSY1M7YWQPDUXPW3VP7LB
[2015-06-24 22:00:55] INFO  (GetResults.java: 162) - Retrieved HIT 4/5, 38O9DZ0A62U9W07L3A2G9NQR2KE26I
[2015-06-24 22:00:55] INFO  (GetResults.java: 162) - Retrieved HIT 5/5, 3LN3BXKGC02X59UYT7099LJ505BWGV
[2015-06-24 22:00:55] INFO  (GetResults.java: 123) - --[Done Retrieving Results]----------
[2015-06-24 22:00:55] INFO  (GetResults.java: 130) - 
Results have been written to file '../samples/helloworld/helloworld.results'.

[2015-06-24 22:00:55] INFO  (GetResults.java: 134) - Assignments completed: 0/5 (0%)
[2015-06-24 22:00:55] INFO  (GetResults.java: 137) -          Time elapsed: 0:00:39 (h:mm:ss)
[2015-06-24 22:00:55] INFO  (GetResults.java: 142) -   Average submit time: 0.0 seconds
[2015-06-24 22:01:07] INFO  (ReviewResults.java: 145) - 
[2015-06-24 22:01:07] ERROR (AbstractCmd.java: 150) - An error occurred: / by zero
java.lang.ArithmeticException: / by zero
	at com.amazonaws.mturk.cmd.ReviewResults.reviewAssignments(ReviewResults.java:146)
	at com.amazonaws.mturk.cmd.ReviewResults.runCommand(ReviewResults.java:69)
	at com.amazonaws.mturk.cmd.AbstractCmd.run(AbstractCmd.java:148)
	at com.amazonaws.mturk.cmd.ReviewResults.main(ReviewResults.java:45)
[2015-06-24 22:01:12] INFO  (GetResults.java: 119) - --[Retrieving Results]----------
[2015-06-24 22:01:12] DEBUG (WorkQueue.java: 53) - Instantiating work queue with 2 threads
[2015-06-24 22:01:13] INFO  (GetResults.java: 162) - Retrieved HIT 1/5, 322ZSN9Z5GRP1CXK31TXDCF366L4TR
[2015-06-24 22:01:13] INFO  (GetResults.java: 162) - Retrieved HIT 2/5, 3ECKRY5B1Q3FVV5YUIKJT1Q3WK7ZIG
[2015-06-24 22:01:14] INFO  (GetResults.java: 162) - Retrieved HIT 3/5, 3ZXNP4Z39RSY1M7YWQPDUXPW3VP7LB
[2015-06-24 22:01:14] INFO  (GetResults.java: 162) - Retrieved HIT 4/5, 38O9DZ0A62U9W07L3A2G9NQR2KE26I
[2015-06-24 22:01:14] INFO  (GetResults.java: 162) - Retrieved HIT 5/5, 3LN3BXKGC02X59UYT7099LJ505BWGV
[2015-06-24 22:01:14] INFO  (GetResults.java: 123) - --[Done Retrieving Results]----------
[2015-06-24 22:01:14] INFO  (GetResults.java: 130) - 
Results have been written to file '../samples/helloworld/helloworld.results'.

[2015-06-24 22:01:14] INFO  (GetResults.java: 134) - Assignments completed: 0/5 (0%)
[2015-06-24 22:01:14] INFO  (GetResults.java: 137) -          Time elapsed: 0:00:58 (h:mm:ss)
[2015-06-24 22:01:14] INFO  (GetResults.java: 142) -   Average submit time: 0.0 seconds
[2015-06-24 22:01:57] INFO  (GetResults.java: 119) - --[Retrieving Results]----------
[2015-06-24 22:01:57] DEBUG (WorkQueue.java: 53) - Instantiating work queue with 2 threads
[2015-06-24 22:01:59] INFO  (GetResults.java: 162) - Retrieved HIT 1/5, 322ZSN9Z5GRP1CXK31TXDCF366L4TR
[2015-06-24 22:01:59] INFO  (GetResults.java: 162) - Retrieved HIT 2/5, 3ECKRY5B1Q3FVV5YUIKJT1Q3WK7ZIG
[2015-06-24 22:01:59] INFO  (GetResults.java: 162) - Retrieved HIT 3/5, 3ZXNP4Z39RSY1M7YWQPDUXPW3VP7LB
[2015-06-24 22:01:59] INFO  (GetResults.java: 162) - Retrieved HIT 4/5, 38O9DZ0A62U9W07L3A2G9NQR2KE26I
[2015-06-24 22:01:59] INFO  (GetResults.java: 162) - Retrieved HIT 5/5, 3LN3BXKGC02X59UYT7099LJ505BWGV
[2015-06-24 22:01:59] INFO  (GetResults.java: 123) - --[Done Retrieving Results]----------
[2015-06-24 22:01:59] INFO  (GetResults.java: 130) - 
Results have been written to file '../samples/helloworld/helloworld.results'.

[2015-06-24 22:01:59] INFO  (GetResults.java: 134) - Assignments completed: 2/5 (40%)
[2015-06-24 22:01:59] INFO  (GetResults.java: 137) -          Time elapsed: 0:01:43 (h:mm:ss)
[2015-06-24 22:01:59] INFO  (GetResults.java: 142) -   Average submit time: 20.0 seconds
[2015-06-24 22:02:05] INFO  (ReviewResults.java: 134) - [3HWRJOOET6990XERT95M1DRQU56SE3] Assignment successfully approved
[2015-06-24 22:02:05] INFO  (ReviewResults.java: 134) - [36V4Q8R5ZL7VZ5RRI340JLHYLJCMQX] Assignment successfully approved
[2015-06-24 22:02:05] INFO  (ReviewResults.java: 145) - 
[2015-06-24 22:02:05] INFO  (ReviewResults.java: 146) - Assignments approved: 2/2 (100%)
[2015-06-24 22:02:05] INFO  (ReviewResults.java: 147) - Assignments rejected: 0/2 (0%)
[2015-06-24 22:02:05] INFO  (ReviewResults.java: 148) - Errors occurred: 0
[2015-06-24 22:03:24] INFO  (DeleteHITs.java: 67) - --- Starting to delete HITs ---
[2015-06-24 22:03:24] INFO  (AbstractCmd.java: 224) - You are about to delete 5 HITs.
[2015-06-24 22:03:24] INFO  (AbstractCmd.java: 225) - To confirm this operation, please press ENTER (or press Ctrl+C to abort): 
[2015-06-24 22:03:42] DEBUG (WorkQueue.java: 53) - Instantiating work queue with 2 threads
[2015-06-24 22:03:44] INFO  (DeleteHITs.java: 102) - [322ZSN9Z5GRP1CXK31TXDCF366L4TR] Successfully deleted HIT (1/5)
[2015-06-24 22:03:44] INFO  (DeleteHITs.java: 102) - [3ECKRY5B1Q3FVV5YUIKJT1Q3WK7ZIG] Successfully deleted HIT (2/5)
[2015-06-24 22:03:45] INFO  (DeleteHITs.java: 102) - [3ZXNP4Z39RSY1M7YWQPDUXPW3VP7LB] Successfully deleted HIT (3/5)
[2015-06-24 22:03:45] INFO  (DeleteHITs.java: 102) - [38O9DZ0A62U9W07L3A2G9NQR2KE26I] Successfully deleted HIT (4/5)
[2015-06-24 22:03:46] INFO  (DeleteHITs.java: 102) - [3LN3BXKGC02X59UYT7099LJ505BWGV] Successfully deleted HIT (5/5)
[2015-06-24 22:03:46] INFO  (DeleteHITs.java: 74) - --- Finished to delete HITs ---
[2015-06-24 22:03:46] INFO  (DeleteHITs.java: 75) -   5 HITs have been deleted or were deleted previously.
[2015-06-24 22:03:46] INFO  (DeleteHITs.java: 76) -   0 errors occured.
[2015-06-24 22:05:34] INFO  (LoadHITs.java: 193) - --[Initializing]----------
[2015-06-24 22:05:34] INFO  (LoadHITs.java: 194) -  Input: ../samples/image_tagging/image_tagging.input
[2015-06-24 22:05:34] INFO  (LoadHITs.java: 195) -  Properties: ../samples/image_tagging/image_tagging.properties
[2015-06-24 22:05:34] INFO  (LoadHITs.java: 196) -  Question File: ../samples/image_tagging/image_tagging.question
[2015-06-24 22:05:34] INFO  (LoadHITs.java: 202) -  Preview mode disabled
[2015-06-24 22:05:36] INFO  (LoadHITs.java: 229) - --[Loading HITs]----------
[2015-06-24 22:05:36] INFO  (LoadHITs.java: 231) -   Start time: Wed Jun 24 22:05:36 PDT 2015
[2015-06-24 22:05:36] DEBUG (WorkQueue.java: 53) - Instantiating work queue with 2 threads
[2015-06-24 22:05:37] INFO  (RequesterService.java: 1548) - Created HIT 1: HITId=35F6NGNVM8QMKZF35ZR4GOZDX8B7TE
[2015-06-24 22:05:37] INFO  (RequesterService.java: 1548) - Created HIT 2: HITId=3B286OTISEOAPYHW08PKO9EU0EQAJ3
[2015-06-24 22:05:37] INFO  (RequesterService.java: 1548) - Created HIT 3: HITId=39TX062QX1VB0XN08XPBSA8352CX3H
[2015-06-24 22:05:37] INFO  (RequesterService.java: 1548) - Created HIT 4: HITId=3P7RGTLO6EK50INEITPWPOE7F3QAK2
[2015-06-24 22:05:37] INFO  (RequesterService.java: 1548) - Created HIT 5: HITId=3MQY1YVHS3RF2COGZ1JOK3CJGLP2B3
[2015-06-24 22:05:38] INFO  (RequesterService.java: 1548) - Created HIT 6: HITId=3UQ1LLR26AFGKO5W3T1X4ORM43VAL5
[2015-06-24 22:05:38] INFO  (RequesterService.java: 1548) - Created HIT 7: HITId=3ULIZ0H1VAC6OBPBFNSXCY2MEJP51O
[2015-06-24 22:05:38] INFO  (RequesterService.java: 1548) - Created HIT 8: HITId=30QQTY5GMKR1KCUS54HELKLFGMI7U5
[2015-06-24 22:05:38] INFO  (RequesterService.java: 1548) - Created HIT 9: HITId=3YLPJ8OXX8KWIT648BUU2F09J28X42
[2015-06-24 22:05:38] INFO  (RequesterService.java: 1548) - Created HIT 10: HITId=3G57RS03HHCDDW77YRSBHHCR6P3525
[2015-06-24 22:05:38] INFO  (RequesterService.java: 1548) - Created HIT 11: HITId=3TFJJUELSHWYCHGMD1FJVNI1Y6P2CA
[2015-06-24 22:05:39] INFO  (RequesterService.java: 1548) - Created HIT 12: HITId=3BAWBGQGYL61XRJSAURJH6NYUTR7VU
[2015-06-24 22:05:39] INFO  (RequesterService.java: 1548) - Created HIT 13: HITId=3NRZ1LDP7WD7CHS27DA32YRFIY2ZPS
[2015-06-24 22:05:39] INFO  (RequesterService.java: 1548) - Created HIT 14: HITId=30UZJB2POHJ2YE3Q2R6G0RHJC3353G
[2015-06-24 22:05:39] INFO  (RequesterService.java: 1548) - Created HIT 15: HITId=3VGET1QSZ06ECGJX04WF386C12T7W4
[2015-06-24 22:05:39] INFO  (RequesterService.java: 1548) - Created HIT 16: HITId=3PMR2DOWOO8NGAMU25BZAW9PQ3Z541
[2015-06-24 22:05:39] INFO  (RequesterService.java: 1548) - Created HIT 17: HITId=3T5ZXGO9DEVSCTTH7QPS23HPNUOZQJ
[2015-06-24 22:05:39] INFO  (RequesterService.java: 1548) - Created HIT 18: HITId=3D06DR5225Q0Q6NH352C416B48LAM7
[2015-06-24 22:05:40] INFO  (RequesterService.java: 1548) - Created HIT 19: HITId=3HEA4ZVWVDT5CTQUGAU9FOF3QZU556
[2015-06-24 22:05:40] INFO  (RequesterService.java: 1548) - Created HIT 20: HITId=3QD8LUVX4X5EECA4MGD4776NJY3X57
[2015-06-24 22:05:40] INFO  (RequesterService.java: 1548) - Created HIT 21: HITId=375VSR8FVWGSOU8HK5ES7TRUJGQZRK
[2015-06-24 22:05:40] INFO  (RequesterService.java: 1548) - Created HIT 22: HITId=3I01FDIL6MF8H9M0DXAUFT0JJ612DA
[2015-06-24 22:05:40] INFO  (RequesterService.java: 1548) - Created HIT 23: HITId=371Q3BEXDHG4P98UZUEXX3WQ5I9ZS8
[2015-06-24 22:05:40] INFO  (RequesterService.java: 1548) - Created HIT 24: HITId=31YWE12TE0JT1GONA9S15RKJA4Z7XX
[2015-06-24 22:05:40] INFO  (RequesterService.java: 1548) - Created HIT 25: HITId=3N5YJ55YXGA68O8HF6HCHGVB9YVAN7
[2015-06-24 22:05:41] INFO  (RequesterService.java: 1548) - Created HIT 26: HITId=33IXYHIZB5PD9F009SLELBI4JI22E3
[2015-06-24 22:05:41] INFO  (RequesterService.java: 1548) - Created HIT 27: HITId=33W1NHWFYHS549L9OUJN78SC71NZTX
[2015-06-24 22:05:41] INFO  (RequesterService.java: 1548) - Created HIT 28: HITId=3JGHED38EDYI1LEXF5E3O5RSCAT7Y3
[2015-06-24 22:05:41] INFO  (RequesterService.java: 1548) - Created HIT 29: HITId=311HQEI8RSNI6BO2BRGM2C0UI4X7ZU
[2015-06-24 22:05:41] INFO  (RequesterService.java: 1548) - Created HIT 30: HITId=3SX4X51T80GOQ98TGLHPW5VGZ80AOM
[2015-06-24 22:05:41] INFO  (RequesterService.java: 1548) - Created HIT 31: HITId=39XCQ6V3KYB1VXQ8LT4E7UT3MU556M
[2015-06-24 22:05:41] INFO  (RequesterService.java: 1548) - Created HIT 32: HITId=3K3IX1W4S6Y6B9KUVLU4L5069DWAP3
[2015-06-24 22:05:42] INFO  (RequesterService.java: 1548) - Created HIT 33: HITId=3IWA71V4TINAXGAIRZN9ZDKNFTEX6N
[2015-06-24 22:05:42] INFO  (RequesterService.java: 1548) - Created HIT 34: HITId=3Y7LTZE0YTTK4M0YOZ9XC4EEQFUZUO
[2015-06-24 22:05:42] INFO  (RequesterService.java: 1548) - Created HIT 35: HITId=39RRBHZ0AU8KH1PYTPJ28QGX4M3ZVD
[2015-06-24 22:05:42] INFO  (RequesterService.java: 1548) - Created HIT 36: HITId=3SZYX62S5G7KZX4D4396D8TZH5P57L
[2015-06-24 22:05:42] INFO  (RequesterService.java: 1548) - Created HIT 37: HITId=3QHITW7OYOGRBLL9VY9TLAQGE9IAQU
[2015-06-24 22:05:42] INFO  (RequesterService.java: 1548) - Created HIT 38: HITId=3ZFRE2BDQ9LCLQUTT4KKWBDIKXBZXG
[2015-06-24 22:05:42] INFO  (RequesterService.java: 1548) - Created HIT 39: HITId=3TX9T2ZCB98XWQP3JZOYUSZBBV5ZWN
[2015-06-24 22:05:43] INFO  (RequesterService.java: 1548) - Created HIT 40: HITId=34HEO7RUG61RNM098DYTQ00LAVKARV
[2015-06-24 22:05:43] INFO  (RequesterService.java: 1548) - Created HIT 41: HITId=3UL5XDRDNCQOZB9WE81CR8PUSPV588
[2015-06-24 22:05:43] INFO  (RequesterService.java: 1548) - Created HIT 42: HITId=3GS542CVJVUODGS6J07QR4K5CVD59X
[2015-06-24 22:05:43] INFO  (RequesterService.java: 1548) - Created HIT 43: HITId=386T3MLZLN2P44NVH2V0ADT3BHK80Q
[2015-06-24 22:05:43] INFO  (RequesterService.java: 1548) - Created HIT 44: HITId=31YWE12TE0JT1GONA9S15RKJA4YX7M
[2015-06-24 22:05:43] INFO  (RequesterService.java: 1548) - Created HIT 45: HITId=3HXCEECSQM01LVK3Y06MFPKRM35ZYM
[2015-06-24 22:05:44] INFO  (RequesterService.java: 1548) - Created HIT 46: HITId=33K3E8REWW2X1UT6KEK7JRGELO4X89
[2015-06-24 22:05:44] INFO  (RequesterService.java: 1548) - Created HIT 47: HITId=3ZICQFRS31P1QLU8UM85TWTTSX9ZZD
[2015-06-24 22:05:44] INFO  (RequesterService.java: 1548) - Created HIT 48: HITId=3LEG2HW4UFU5FT0W435K3T34VJH2FL
[2015-06-24 22:05:44] INFO  (RequesterService.java: 1548) - Created HIT 49: HITId=3PR3LXCWSF6XFZCGP6QLJNBP5UMX9Y
[2015-06-24 22:05:44] INFO  (RequesterService.java: 1548) - Created HIT 50: HITId=39KMGHJ4RZH7MFISMYILHYNLSJ800V
[2015-06-24 22:05:44] INFO  (RequesterService.java: 1548) - Created HIT 51: HITId=37SDSEDIN99PBT8DDLZ0OICDG9Q81T
[2015-06-24 22:05:44] INFO  (RequesterService.java: 1548) - Created HIT 52: HITId=3WRAAIUSBJ6BKIMLHC4LFIM9BC4XAD
[2015-06-24 22:05:45] INFO  (RequesterService.java: 1548) - Created HIT 53: HITId=3WYZV0QBFJKG3SRDNQ4HAT6FTUPXB8
[2015-06-24 22:05:45] INFO  (RequesterService.java: 1548) - Created HIT 54: HITId=386659BNTLO7T43AIHMLV36VXBE01Y
[2015-06-24 22:05:45] INFO  (RequesterService.java: 1548) - Created HIT 55: HITId=34D9ZRXCYR13O10MN2YYGA5HWX3ASJ
[2015-06-24 22:05:45] INFO  (RequesterService.java: 1548) - Created HIT 56: HITId=3TC2K6WK9G9W0EQ9WPZET1MI8F482A
[2015-06-24 22:05:45] INFO  (RequesterService.java: 1548) - Created HIT 57: HITId=3NSCTNUR2ZU2IZ2BB6LQNZVPIDV5AC
[2015-06-24 22:05:45] INFO  (RequesterService.java: 1548) - Created HIT 58: HITId=33NKDW9FFXPZDXJJ1Q0CLDCXBFPXCF
[2015-06-24 22:05:46] INFO  (RequesterService.java: 1548) - Created HIT 59: HITId=3D1UCPY6GGGLLWMS0PDJCBRAET483L
[2015-06-24 22:05:46] INFO  (RequesterService.java: 1548) - Created HIT 60: HITId=3UQVX1UPFSOEIPL61LMZ0MG0PHS02F
[2015-06-24 22:05:46] INFO  (RequesterService.java: 1548) - Created HIT 61: HITId=3NZ1E5QA6Z871973HKLMIAFV0VG5B7
[2015-06-24 22:05:46] INFO  (RequesterService.java: 1548) - Created HIT 62: HITId=3HXK2V1N4KMBTTWRFNB2LE3GWYH2GK
[2015-06-24 22:05:46] INFO  (RequesterService.java: 1548) - Created HIT 63: HITId=3EFNPKWBMSV337HP5L04JWLSVVS03Q
[2015-06-24 22:05:46] INFO  (RequesterService.java: 1548) - Created HIT 64: HITId=301KG0KX9CSPTPR2ZTTK6EFHBYU2HJ
[2015-06-24 22:05:46] INFO  (RequesterService.java: 1548) - Created HIT 65: HITId=3UOMW19E6DDQBEZ9VKHHTULDIGG5CE
[2015-06-24 22:05:47] INFO  (RequesterService.java: 1548) - Created HIT 66: HITId=341YLJU21I6PPK2M5BB56QGWBB92IC
[2015-06-24 22:05:47] INFO  (RequesterService.java: 1548) - Created HIT 67: HITId=3J94SKDEKIW0G65NVGCSD03V3GS5DE
[2015-06-24 22:05:47] INFO  (RequesterService.java: 1548) - Created HIT 68: HITId=32TMVRKDGN563S5W03I2MGJGST0846
[2015-06-24 22:05:47] INFO  (RequesterService.java: 1548) - Created HIT 69: HITId=34R0BODSP1658CJNRBNCJILG3ST5E7
[2015-06-24 22:05:47] INFO  (RequesterService.java: 1548) - Created HIT 70: HITId=3UL5XDRDNCQOZB9WE81CR8PUSPV85B
[2015-06-24 22:05:47] INFO  (RequesterService.java: 1548) - Created HIT 71: HITId=337F8MIIMZKOL30T5Z5NT1DY9VO04B
[2015-06-24 22:05:48] INFO  (RequesterService.java: 1548) - Created HIT 72: HITId=3M47JKRKCX8KIF9AJRBHJE3UOK686R
[2015-06-24 22:05:48] INFO  (RequesterService.java: 1548) - Created HIT 73: HITId=308KJXFUJRD431D1C23OQF13YGHAT8
[2015-06-24 22:05:52] INFO  (RequesterService.java: 1548) - Created HIT 74: HITId=3IKMEYR0LW2GVFSA5EWHJ6V93FY2KN
[2015-06-24 22:05:52] INFO  (RequesterService.java: 1548) - Created HIT 75: HITId=356TQKY9XF43MFNF21G9PS3QJVQ87Q
[2015-06-24 22:05:52] INFO  (RequesterService.java: 1548) - Created HIT 76: HITId=3VZYA8PITO56HM4TJ4OXYTJC9RJ05G
[2015-06-24 22:05:52] INFO  (RequesterService.java: 1548) - Created HIT 77: HITId=37S0QRNUFBN7MTSYC68F3SZLUFW88D
[2015-06-24 22:05:52] INFO  (RequesterService.java: 1548) - Created HIT 78: HITId=34F34TZU7W6LKVMSNTW5IRVWOQY2JO
[2015-06-24 22:05:52] INFO  (RequesterService.java: 1548) - Created HIT 79: HITId=3S829FDFT289IPPX1MVN5JUFWF1XDF
[2015-06-24 22:05:52] INFO  (RequesterService.java: 1548) - Created HIT 80: HITId=3MNJFORX8BBXEQJJMM7I106GFT85FP
[2015-06-24 22:05:52] INFO  (RequesterService.java: 1548) - Created HIT 81: HITId=3VJ4PFXFJ3EJ3ESQC7TYVBN5HUOAUZ
[2015-06-24 22:05:52] INFO  (RequesterService.java: 1548) - Created HIT 82: HITId=3N3WJQXELSXRFLASQE8IY68OSF32LQ
[2015-06-24 22:05:55] INFO  (RequesterService.java: 1548) - Created HIT 83: HITId=363A7XIFV4TJGTHQHX33RXPOV1XAVO
[2015-06-24 22:05:55] INFO  (RequesterService.java: 1548) - Created HIT 84: HITId=3TZ0XG8CBUR70YB8HYET3OUWELE892
[2015-06-24 22:05:55] INFO  (RequesterService.java: 1548) - Created HIT 85: HITId=3Q9SPIIRWJTWVIHV778ZDZ822AZAWY
[2015-06-24 22:05:56] INFO  (RequesterService.java: 1548) - Created HIT 86: HITId=3I6NF2WGIG33SQFEX6D0JL6SG885GO
[2015-06-24 22:05:58] INFO  (RequesterService.java: 1548) - Created HIT 87: HITId=35O6H0UNLSNDJS5F5CY3GYY880P5JS
[2015-06-24 22:05:58] INFO  (RequesterService.java: 1548) - Created HIT 88: HITId=3NI0WFPPI9N20Q47ONY2QZXC5MU06W
[2015-06-24 22:05:58] INFO  (RequesterService.java: 1548) - Created HIT 89: HITId=31ANT7FQN89HSMAPHCVI4LITV8L5HN
[2015-06-24 22:05:58] INFO  (RequesterService.java: 1548) - Created HIT 90: HITId=35A1YQPVFENHOHL9NUD34XJ8VL05IG
[2015-06-24 22:05:59] INFO  (RequesterService.java: 1548) - Created HIT 91: HITId=30Z7M1Q8UYRL5HLD94STZJ5GK3W8AH
[2015-06-24 22:05:59] INFO  (RequesterService.java: 1548) - Created HIT 92: HITId=36KM3FWE3RJL4QIC7X3UWDX80XE07V
[2015-06-24 22:05:59] INFO  (RequesterService.java: 1548) - Created HIT 93: HITId=3JTPR5MTZSJ8UCBXNXYFHDYLNPP5KR
[2015-06-24 22:05:59] INFO  (RequesterService.java: 1548) - Created HIT 94: HITId=36D1BWBEHN8BL3SDQQ9XYJNDSKT2MS
[2015-06-24 22:05:59] INFO  (RequesterService.java: 1548) - Created HIT 95: HITId=386T3MLZLN2P44NVH2V0ADT3BHK08I
[2015-06-24 22:05:59] INFO  (RequesterService.java: 1548) - Created HIT 96: HITId=3OCZWXS7ZOEJEITF8XAGWDB0CPU5LU
[2015-06-24 22:06:00] INFO  (RequesterService.java: 1548) - Created HIT 97: HITId=37M4O367VJP3K0B089BVWQQPCUK5MW
[2015-06-24 22:06:02] INFO  (RequesterService.java: 1548) - Created HIT 98: HITId=306W7JMRYY5QORQ5FISPUUPM2LH8BC
[2015-06-24 22:06:02] INFO  (RequesterService.java: 1548) - Created HIT 99: HITId=3HRWUH63QU992IW0KAQV95FPHKU5NW
[2015-06-24 22:06:02] INFO  (RequesterService.java: 1548) - Created HIT 100: HITId=3DQYSJDTYLIEAV3XXH67B1C0WR2XE8
[2015-06-24 22:06:02] INFO  (RequesterService.java: 1548) - Created HIT 101: HITId=3MJ28H2Y1EFRK3WCLPQ8OUFU7UZ5OB
[2015-06-24 22:06:02] INFO  (RequesterService.java: 1548) - Created HIT 102: HITId=3EPG8DX9LKX9538D0P3NDUKKHZV5PS
[2015-06-24 22:06:05] INFO  (RequesterService.java: 1548) - Created HIT 103: HITId=3K3G488TR2FU5F9S02ICDZAUMVH5QJ
[2015-06-24 22:06:05] INFO  (RequesterService.java: 1548) - Created HIT 104: HITId=3UDTAB6HH66PI965MU1EA9OEVN2097
[2015-06-24 22:06:05] INFO  (RequesterService.java: 1548) - Created HIT 105: HITId=3GITHABACYSH3LDD2ROXBYCDXA32NS
[2015-06-24 22:06:05] INFO  (RequesterService.java: 1548) - Created HIT 106: HITId=3VMHWJRYHVN6G93TSSQDTJX08SHXFQ
[2015-06-24 22:06:05] INFO  (RequesterService.java: 1548) - Created HIT 107: HITId=37VHPF5VYCA9YWIBTIOK5EV4K6H8CJ
[2015-06-24 22:06:06] INFO  (RequesterService.java: 1548) - Created HIT 108: HITId=3WGZLY9VCHTJ3OOPTEJVPKDM56T8DJ
[2015-06-24 22:06:08] INFO  (RequesterService.java: 1548) - Created HIT 109: HITId=3R5LWXWHR0FCU9ZO3CWVB4XC97HXGP
[2015-06-24 22:06:08] INFO  (RequesterService.java: 1548) - Created HIT 110: HITId=3LAZVA75NIYZL6DP36OAQNCINK82O7
[2015-06-24 22:06:08] INFO  (RequesterService.java: 1548) - Created HIT 111: HITId=3DGDV62G7OGH66PQI61PFNH8XP42PO
[2015-06-24 22:06:09] INFO  (RequesterService.java: 1548) - Created HIT 112: HITId=3YZ7A3YHR506IVO5S67H8ZPV4J25S8
[2015-06-24 22:06:09] INFO  (RequesterService.java: 1548) - Created HIT 113: HITId=31D0ZWOD0A63NSGAE0FE64ZY15K0AM
[2015-06-24 22:06:09] INFO  (RequesterService.java: 1548) - Created HIT 114: HITId=3Y3CZJSZ9K0UHGOSDH7CIPKZIHJ5RK
[2015-06-24 22:06:11] INFO  (RequesterService.java: 1548) - Created HIT 115: HITId=3JUDR1D0D6Y26IQ5IJGEFS7I2LQ2QF
[2015-06-24 22:06:11] INFO  (RequesterService.java: 1548) - Created HIT 116: HITId=3UUIU9GZC5C7XV1KH6C7I4LH62G5TX
[2015-06-24 22:06:11] INFO  (RequesterService.java: 1548) - Created HIT 117: HITId=3WRAAIUSBJ6BKIMLHC4LFIM9BC5AXR
[2015-06-24 22:06:12] INFO  (RequesterService.java: 1548) - Created HIT 118: HITId=3HYV4299H03OVU2PP9UFV2V75IU8EC
[2015-06-24 22:06:12] INFO  (RequesterService.java: 1548) - Created HIT 119: HITId=3XU9MCX6VOJ2IJ55VY5EKIHNY7S2RG
[2015-06-24 22:06:13] INFO  (RequesterService.java: 1548) - Created HIT 120: HITId=3A9LA2FRWSLQU5UZNIEDW49DO7UXHO
[2015-06-24 22:06:13] INFO  (RequesterService.java: 1548) - Created HIT 121: HITId=3XQ4XW3OD9JEJY5IAN5JASMJK9B2S4
[2015-06-24 22:06:14] INFO  (RequesterService.java: 1548) - Created HIT 122: HITId=3VDI8GSXAF0MF8YGV4K3V5GJIY98GT
[2015-06-24 22:06:14] INFO  (RequesterService.java: 1548) - Created HIT 123: HITId=3ZUE82NE0A8G182LKKELDKG7HJ98FU
[2015-06-24 22:06:14] INFO  (RequesterService.java: 1548) - Created HIT 124: HITId=31KPKEKW4AK862L2KEFA1FJ4JN50BH
[2015-06-24 22:06:15] INFO  (RequesterService.java: 1548) - Created HIT 125: HITId=3P520RYKCHDMX8G9HB2HN07JPGN5UO
[2015-06-24 22:06:15] INFO  (RequesterService.java: 1548) - Created HIT 126: HITId=3E9ZFLPWOYZQQ05JT0WYWGASOK9XIH
[2015-06-24 22:06:15] INFO  (RequesterService.java: 1548) - Created HIT 127: HITId=3TLFH2L6Y9VFYYIXZNA9KXI5MSP2TT
[2015-06-24 22:06:19] INFO  (RequesterService.java: 1548) - Created HIT 128: HITId=3XUSYT70IT81LZJMYA6GW574M8H0DO
[2015-06-24 22:06:19] INFO  (RequesterService.java: 1548) - Created HIT 129: HITId=389A2A304OPRG7D8YEB5CZPM1850CO
[2015-06-24 22:06:19] INFO  (RequesterService.java: 1548) - Created HIT 130: HITId=3E9VAUV7BWL0KNCVM8QNYWTIDIZAYX
[2015-06-24 22:06:19] INFO  (RequesterService.java: 1548) - Created HIT 131: HITId=3WUVMVA7OBA0PDM0IUS6C32KJC3AZO
[2015-06-24 22:06:19] INFO  (RequesterService.java: 1548) - Created HIT 132: HITId=30P8I9JKOISMAN59M1CMJM923NW5VD
[2015-06-24 22:06:20] INFO  (RequesterService.java: 1548) - Created HIT 133: HITId=3EHIMLB7F760F4TRFA2LG5SKXYM8HS
[2015-06-24 22:06:20] INFO  (RequesterService.java: 1548) - Created HIT 134: HITId=3EN4YVUOUCZMLBPPBIHY8HPS1ZYXJT
[2015-06-24 22:06:20] INFO  (RequesterService.java: 1548) - Created HIT 135: HITId=3ICOHX7ENCI6D5XMU5H02NPPMKI0EH
[2015-06-24 22:06:20] INFO  (RequesterService.java: 1548) - Created HIT 136: HITId=3SSN80MU8CVHWVV7T3HA9WP5GOYXKS
[2015-06-24 22:06:20] INFO  (RequesterService.java: 1548) - Created HIT 137: HITId=3087LXLJ6MNYJJXIPG16K5APYLX0FZ
[2015-06-24 22:06:20] INFO  (RequesterService.java: 1548) - Created HIT 138: HITId=31KPKEKW4AK862L2KEFA1FJ4JN5B0S
[2015-06-24 22:06:23] INFO  (RequesterService.java: 1548) - Created HIT 139: HITId=3IHWR4LC7DK0BZ4BLSK6GHTZXB18IL
[2015-06-24 22:06:23] INFO  (RequesterService.java: 1548) - Created HIT 140: HITId=3XBXDSS888QSG1DPE3TBOW2K5O3XLV
[2015-06-24 22:06:23] INFO  (RequesterService.java: 1548) - Created HIT 141: HITId=3WRBLBQ2GRF4XJTD007O2QA1Z0X0GY
[2015-06-24 22:06:24] INFO  (RequesterService.java: 1548) - Created HIT 142: HITId=3KVQ0UJWPXSZPC5ECBHI5OSGAWY5WN
[2015-06-24 22:06:24] INFO  (RequesterService.java: 1548) - Created HIT 143: HITId=306996CF6WR8DR6KGXJAFK2EOFBB1V
[2015-06-24 22:06:28] INFO  (RequesterService.java: 1548) - Created HIT 144: HITId=3QGTX7BCHP93J7AJNY1P4SMYRY25ZD
[2015-06-24 22:06:28] INFO  (RequesterService.java: 1548) - Created HIT 145: HITId=3FVBZG9CLJLIXFOOK6P6NQM2E0A0HX
[2015-06-24 22:06:28] INFO  (RequesterService.java: 1548) - Created HIT 146: HITId=3QD8LUVX4X5EECA4MGD4776NJY45XG
[2015-06-24 22:06:28] INFO  (RequesterService.java: 1548) - Created HIT 147: HITId=3IV1AEQ4DRKW6AOH3A56SI8ZAQQ8JX
[2015-06-24 22:06:28] INFO  (RequesterService.java: 1548) - Created HIT 148: HITId=3GL25Y68431CMJVAEFUQO9H95TTXMX
[2015-06-24 22:06:28] INFO  (RequesterService.java: 1548) - Created HIT 149: HITId=38VTL6WC4AK3EH0ERCZ6QLDWL4Y5YM
[2015-06-24 22:06:28] INFO  (RequesterService.java: 1548) - Created HIT 150: HITId=3MQY1YVHS3RF2COGZ1JOK3CJGLPB2C
[2015-06-24 22:06:28] INFO  (RequesterService.java: 1548) - Created HIT 151: HITId=3NI0WFPPI9N20Q47ONY2QZXC5MU602
[2015-06-24 22:06:28] INFO  (RequesterService.java: 1548) - Created HIT 152: HITId=3OWZNK3RYLWUYBXMZS0JPT4756W2UK
[2015-06-24 22:06:30] INFO  (RequesterService.java: 1548) - Created HIT 153: HITId=3JVP4ZJHDPZITAZ8QO7RN2NHEDP0IQ
[2015-06-24 22:06:30] INFO  (RequesterService.java: 1548) - Created HIT 154: HITId=36FQTHX3Z3Y4NUKZ31XT3DHBMZPB3N
[2015-06-24 22:06:31] INFO  (RequesterService.java: 1548) - Created HIT 155: HITId=3NOEP8XAU49I7MSN6VMI5DB4AY4XPT
[2015-06-24 22:06:31] INFO  (RequesterService.java: 1548) - Created HIT 156: HITId=3QQUBC64ZELI41GAQG9Q1O69AJ3XNX
[2015-06-24 22:06:31] INFO  (RequesterService.java: 1548) - Created HIT 157: HITId=3ZG552ORAMBUBQMM4IAOLF6QJD52V9
[2015-06-24 22:06:31] INFO  (RequesterService.java: 1548) - Created HIT 158: HITId=3VI0PC2ZAYR0MMGMRV93GD6E0T8XOC
[2015-06-24 22:06:31] INFO  (RequesterService.java: 1548) - Created HIT 159: HITId=3V7ICJJAZANP5Q333F2CDI9H0ZLB48
[2015-06-24 22:06:32] INFO  (RequesterService.java: 1548) - Created HIT 160: HITId=3W0KKJIARRGRHUUZLV5ITX8CPFQ8KW
[2015-06-24 22:06:34] INFO  (RequesterService.java: 1548) - Created HIT 161: HITId=3T2EL38U0MR37YT268175I1EFUQXQK
[2015-06-24 22:06:34] INFO  (RequesterService.java: 1548) - Created HIT 162: HITId=3J9UN9O9J3ZEOLJE86SRZ32HRSE0J2
[2015-06-24 22:06:34] INFO  (RequesterService.java: 1548) - Created HIT 163: HITId=3XEDXEGFX3V9Z5PWQRS30I2U6HE0K1
[2015-06-24 22:06:34] INFO  (RequesterService.java: 1548) - Created HIT 164: HITId=3NZ1E5QA6Z871973HKLMIAFV0VGB5D
[2015-06-24 22:06:34] INFO  (RequesterService.java: 1548) - Created HIT 165: HITId=32XN26MTXZQKJB7EBR44FIF9VHJ0L4
[2015-06-24 22:06:37] INFO  (RequesterService.java: 1548) - Created HIT 166: HITId=3YKP7CX6G2MMODLM5D0JGUTRR1BB7S
[2015-06-24 22:06:37] INFO  (RequesterService.java: 1548) - Created HIT 167: HITId=372AGES0I4C3JZ82JNQ7A8BJBGSXRL
[2015-06-24 22:06:37] INFO  (RequesterService.java: 1548) - Created HIT 168: HITId=31JUPBOORNB210CH6VHJ8XLREFV8LZ
[2015-06-24 22:06:37] INFO  (RequesterService.java: 1548) - Created HIT 169: HITId=3FI30CQHVKQ3KD7HM3VRAGTVWQRB6T
[2015-06-24 22:06:38] INFO  (RequesterService.java: 1548) - Created HIT 170: HITId=3M4KL7H8KVU27FPPK62244GMAE0615
[2015-06-24 22:06:39] INFO  (RequesterService.java: 1548) - Created HIT 171: HITId=37Y5RYYI0PCFKE8FYCQC0IGFXIBXS9
[2015-06-24 22:06:39] INFO  (RequesterService.java: 1548) - Created HIT 172: HITId=306W7JMRYY5QORQ5FISPUUPM2LHB8F
[2015-06-24 22:06:39] INFO  (RequesterService.java: 1548) - Created HIT 173: HITId=3JMNNNO3B1B7QFMRUSFK7HP4QM72WJ
[2015-06-24 22:06:41] INFO  (RequesterService.java: 1548) - Created HIT 174: HITId=3TD33TP5DL947FJKCGC3QLVHS9HBAJ
[2015-06-24 22:06:41] INFO  (RequesterService.java: 1548) - Created HIT 175: HITId=3KTZHH2ONIMM7IU267IY8A0GEKL8M1
[2015-06-24 22:06:41] INFO  (RequesterService.java: 1548) - Created HIT 176: HITId=3MDWE879UH9Q2W9FKAY3UQKXMRZB94
[2015-06-24 22:06:41] INFO  (RequesterService.java: 1548) - Created HIT 177: HITId=33TGB4G0LPOGZELUNCV2ANC1Z1PXTY
[2015-06-24 22:06:42] INFO  (RequesterService.java: 1548) - Created HIT 178: HITId=3TKSOBLOHLN9QPOCIUCZLWFNAR2BBE
[2015-06-24 22:06:42] INFO  (RequesterService.java: 1548) - Created HIT 179: HITId=3UYRNV2KIT6SP0F2I8XYLPPGJAV8N1
[2015-06-24 22:06:42] INFO  (RequesterService.java: 1548) - Created HIT 180: HITId=309D674SHZSS0UGIWU8UWGL5SC2BCL
[2015-06-24 22:06:44] INFO  (RequesterService.java: 1548) - Created HIT 181: HITId=3TUOHPJXYH48RVPOIH0DX7J03V7XWO
[2015-06-24 22:06:44] INFO  (RequesterService.java: 1548) - Created HIT 182: HITId=3L7SUC0TTU14PTPZB35JFVUYVM90M6
[2015-06-24 22:06:44] INFO  (RequesterService.java: 1548) - Created HIT 183: HITId=3Y40HMYLL1PVZR0JNHLCFJY3IFWXUP
[2015-06-24 22:06:44] INFO  (RequesterService.java: 1548) - Created HIT 184: HITId=3P458N04Q1OMFFRH4XB6903BZOD2XC
[2015-06-24 22:06:44] INFO  (RequesterService.java: 1548) - Created HIT 185: HITId=39O6Z4JLX24VC6PJS7VHB50MWM5XVE
[2015-06-24 22:06:44] INFO  (RequesterService.java: 1548) - Created HIT 186: HITId=3PUV2Q8SV4B25MMWWQ35GM3NDCEBDL
[2015-06-24 22:06:47] INFO  (RequesterService.java: 1548) - Created HIT 187: HITId=3ZC62PVYDHHNGVUESMWZZQX7CXDXXH
[2015-06-24 22:06:47] INFO  (RequesterService.java: 1548) - Created HIT 188: HITId=3S8APUMBJXQZ360SNWYV4M68PPUBFW
[2015-06-24 22:06:47] INFO  (RequesterService.java: 1548) - Created HIT 189: HITId=3VCK0Q0PO5LA7BAZN4KJSAJY0CJ0N6
[2015-06-24 22:06:47] INFO  (RequesterService.java: 1548) - Created HIT 190: HITId=3ACRLU860NL7XS0WSLEPM4L8DOFBEE
[2015-06-24 22:06:48] INFO  (RequesterService.java: 1548) - Created HIT 191: HITId=3OREP8RUT2I5H6WNYG4DM76KQ4UBGV
[2015-06-24 22:06:48] INFO  (RequesterService.java: 1548) - Created HIT 192: HITId=37VE3DA4YUOJH2RYIMMV77IL547BHU
[2015-06-24 22:06:50] INFO  (RequesterService.java: 1548) - Created HIT 193: HITId=3HUR21WDDUWCG0KOXII1I44GE37XYN
[2015-06-24 22:06:50] INFO  (RequesterService.java: 1548) - Created HIT 194: HITId=3BVS8WK9Q02JDX2IO44G7JJ05HMBIN
[2015-06-24 22:06:55] INFO  (RequesterService.java: 1548) - Created HIT 195: HITId=3P7QK0GJ3TSBKARW5FZR6LJM7OB2Z9
[2015-06-24 22:06:55] INFO  (RequesterService.java: 1548) - Created HIT 196: HITId=3ZFRE2BDQ9LCLQUTT4KKWBDIKXBXZE
[2015-06-24 22:06:55] INFO  (RequesterService.java: 1548) - Created HIT 197: HITId=37MQ8Z1JQE3BFKHR9TX8SEAK1U72YI
[2015-06-24 22:06:55] INFO  (RequesterService.java: 1548) - Created HIT 198: HITId=304QEQWKZPRSPWABOJKW7ZJ3QMO0OL
[2015-06-24 22:06:55] INFO  (RequesterService.java: 1548) - Created HIT 199: HITId=3SA4EMRVJV9AAWMC3JXBWZOT0RK0P2
[2015-06-24 22:06:55] INFO  (RequesterService.java: 1548) - Created HIT 200: HITId=3ZQX1VYFTDCA7LFEJNXB0EPL9K08OG
[2015-06-24 22:06:55] INFO  (RequesterService.java: 1548) - Created HIT 201: HITId=3B9XR6P1WE2F88MO6MPGJKY0IWBBJZ
[2015-06-24 22:06:55] INFO  (RequesterService.java: 1548) - Created HIT 202: HITId=38O9DZ0A62U9W07L3A2G9NQR2KE62M
[2015-06-24 22:06:55] INFO  (RequesterService.java: 1548) - Created HIT 203: HITId=3SD15I2WD21YHI347AGLSXVJ8YE63X
[2015-06-24 22:06:55] INFO  (RequesterService.java: 1548) - Created HIT 204: HITId=3PEG1BH7AEYAJSS6O7PSKZYDXLBBKY
[2015-06-24 22:06:55] INFO  (RequesterService.java: 1548) - Created HIT 205: HITId=3UXQ63NLAATL3YAO971TZZBSMLGBL1
[2015-06-24 22:06:56] INFO  (RequesterService.java: 1548) - Created HIT 206: HITId=3MGHRFQY2LW4JAEDU6TU9QH54WMY0T
[2015-06-24 22:06:56] INFO  (RequesterService.java: 1548) - Created HIT 207: HITId=3D7VY91L65459GS99J28ZCQHMQ6BM3
[2015-06-24 22:06:56] INFO  (RequesterService.java: 1548) - Created HIT 208: HITId=3EFNPKWBMSV337HP5L04JWLSVVS30T
[2015-06-24 22:06:56] INFO  (RequesterService.java: 1548) - Created HIT 209: HITId=3NCN4N1H1GOBRYD9LKH8CRFHRGGBN3
[2015-06-24 22:07:00] INFO  (RequesterService.java: 1548) - Created HIT 210: HITId=3S4TINXCC0UT9JDLMZHLRGFMHQLBOI
[2015-06-24 22:07:00] INFO  (RequesterService.java: 1548) - Created HIT 211: HITId=3H5TOKO3D9QJZEM87OL422NPMYA64I
[2015-06-24 22:07:00] INFO  (RequesterService.java: 1548) - Created HIT 212: HITId=3L21G7IH4734QZZVQPXUNV0F9OSY1W
[2015-06-24 22:07:00] INFO  (RequesterService.java: 1548) - Created HIT 213: HITId=39XCQ6V3KYB1VXQ8LT4E7UT3MU565N
[2015-06-24 22:07:00] INFO  (RequesterService.java: 1548) - Created HIT 214: HITId=31GECDVA9JTXE1QMQCEJZ073IPG663
[2015-06-24 22:07:00] INFO  (RequesterService.java: 1548) - Created HIT 215: HITId=3RWB1RTQDJUSSLRFYNAQPEUBJPW8PX
[2015-06-24 22:07:00] INFO  (RequesterService.java: 1548) - Created HIT 216: HITId=3KI0JD2ZU1PGI14R9MJB5E7ZD00672
[2015-06-24 22:07:00] INFO  (RequesterService.java: 1548) - Created HIT 217: HITId=3YO4AH2FPDRVA8NR3WC0W4E35N60QT
[2015-06-24 22:07:01] INFO  (RequesterService.java: 1548) - Created HIT 218: HITId=3KA7IJSNW6CBUJPM1ZU0GGKCRVHBPZ
[2015-06-24 22:07:02] INFO  (RequesterService.java: 1548) - Created HIT 219: HITId=3QO7EE372OUWUVQ11C9PGLAMWR3BQQ
[2015-06-24 22:07:05] INFO  (RequesterService.java: 1548) - Created HIT 220: HITId=3G3AJKPCXLZLIYWED7GWLT7IL82Y49
[2015-06-24 22:07:05] INFO  (RequesterService.java: 1548) - Created HIT 221: HITId=37MQ8Z1JQE3BFKHR9TX8SEAK1U6Y2D
[2015-06-24 22:07:05] INFO  (RequesterService.java: 1548) - Created HIT 222: HITId=3XABXM4AJ1CDSXSUY0PFPJKLOLI8QO
[2015-06-24 22:07:05] INFO  (RequesterService.java: 1548) - Created HIT 223: HITId=3RBI0I35XEA002DADTBDBOFC786Y3O
[2015-06-24 22:07:05] INFO  (RequesterService.java: 1548) - Created HIT 224: HITId=3M47JKRKCX8KIF9AJRBHJE3UOK668P
[2015-06-24 22:07:06] INFO  (RequesterService.java: 1548) - Created HIT 225: HITId=3ZLW647WAL2AZHK3K84I2KE7STC32D
[2015-06-24 22:07:06] INFO  (RequesterService.java: 1548) - Created HIT 226: HITId=3CO05SML7VCVM92RGB101UO81980RU
[2015-06-24 22:07:06] INFO  (RequesterService.java: 1548) - Created HIT 227: HITId=3D17ECOUOE23AW271444X1420NY31W
[2015-06-24 22:07:06] INFO  (RequesterService.java: 1548) - Created HIT 228: HITId=3CKVGCS3PGC7NO24V015R4T4NBR0SI
[2015-06-24 22:07:06] INFO  (RequesterService.java: 1548) - Created HIT 229: HITId=38F60IALAGO82OFJK06V19PQPU50T7
[2015-06-24 22:07:06] INFO  (RequesterService.java: 1548) - Created HIT 230: HITId=38VTL6WC4AK3EH0ERCZ6QLDWL4XY5E
[2015-06-24 22:07:09] INFO  (RequesterService.java: 1548) - Created HIT 231: HITId=34O39PNDK6FW6W51ERYPLBKRSD5BRR
[2015-06-24 22:07:09] INFO  (RequesterService.java: 1548) - Created HIT 232: HITId=3BA7SXOG1JXD4Y7UBFEFU9UQK7K8RP
[2015-06-24 22:07:09] INFO  (RequesterService.java: 1548) - Created HIT 233: HITId=33QQ60S6ASPN21U8K5W565BS88C0UY
[2015-06-24 22:07:09] INFO  (RequesterService.java: 1548) - Created HIT 234: HITId=38B7Q9C28GCKWKSKOJHVJAY58QO69E
[2015-06-24 22:07:10] INFO  (RequesterService.java: 1548) - Created HIT 235: HITId=3JAOYN9IHL9ZKZGMO8INLUJZY7C33O
[2015-06-24 22:07:10] INFO  (RequesterService.java: 1548) - Created HIT 236: HITId=34KYK9TV2RF87B5ETGYUBLPNEFOBSF
[2015-06-24 22:07:11] INFO  (RequesterService.java: 1548) - Created HIT 237: HITId=3FBEFUUYRKCY132PGPVVF59PE866AT
[2015-06-24 22:07:12] INFO  (RequesterService.java: 1548) - Created HIT 238: HITId=3M7OI89LVYVMUIZN03RML0ZDEBR6CV
[2015-06-24 22:07:12] INFO  (RequesterService.java: 1548) - Created HIT 239: HITId=3FI30CQHVKQ3KD7HM3VRAGTVWQR6BO
[2015-06-24 22:07:14] INFO  (RequesterService.java: 1548) - Created HIT 240: HITId=30EV7DWJTV2ZXL0SWV9BIRRWHZ8Y6U
[2015-06-24 22:07:14] INFO  (RequesterService.java: 1548) - Created HIT 241: HITId=3BS6ERDL93EWZA510ZMX56HVZB36DV
[2015-06-24 22:07:14] INFO  (RequesterService.java: 1548) - Created HIT 242: HITId=3B623HUYJ4XP5D77Q4EKKJZM6938SD
[2015-06-24 22:07:14] INFO  (RequesterService.java: 1548) - Created HIT 243: HITId=382GHPVPHSYK2VZQOMN6VZB5C78349
[2015-06-24 22:07:14] INFO  (RequesterService.java: 1548) - Created HIT 244: HITId=371DNNCG449QKDKMF4JAUOV88SH8T2
[2015-06-24 22:07:14] INFO  (RequesterService.java: 1548) - Created HIT 245: HITId=3EAWOID6MT4NFGJ8PV6A2RDBMFL0VN
[2015-06-24 22:07:15] INFO  (RequesterService.java: 1548) - Created HIT 246: HITId=3WA2XVDZEMO1RGJ1WUXHBOZGZN46EO
[2015-06-24 22:07:17] INFO  (RequesterService.java: 1548) - Created HIT 247: HITId=30F94FBDNRR9MBITIG3KLQL9GY2BT4
[2015-06-24 22:07:17] INFO  (RequesterService.java: 1548) - Created HIT 248: HITId=3E6L1VR4XWTTXUJXR5HNT6KGBOJ6F6
[2015-06-24 22:07:17] INFO  (RequesterService.java: 1548) - Created HIT 249: HITId=30UZJB2POHJ2YE3Q2R6G0RHJC3335E
[2015-06-24 22:07:17] INFO  (RequesterService.java: 1548) - Created HIT 250: HITId=3SD15I2WD21YHI347AGLSXVJ8YE36U
[2015-06-24 22:07:17] INFO  (RequesterService.java: 1592) - 
You may see your HIT(s) with HITTypeId '373P3486EFUTONQTNAU1PUOXO6SC8A' here: 
[2015-06-24 22:07:17] INFO  (RequesterService.java: 1593) - 
  https://workersandbox.mturk.com/mturk/preview?groupId=373P3486EFUTONQTNAU1PUOXO6SC8A

[2015-06-24 22:07:17] INFO  (LoadHITs.java: 239) -   End time: Wed Jun 24 22:07:17 PDT 2015
[2015-06-24 22:07:17] INFO  (LoadHITs.java: 240) - --[Done Loading HITs]----------
[2015-06-24 22:07:17] INFO  (LoadHITs.java: 241) -   Total load time: 101 seconds.
[2015-06-24 22:07:17] INFO  (LoadHITs.java: 243) -   Successfully loaded 250 HITs.
[2015-06-25 10:32:49] INFO  (GetBalance.java: 51) - Your account balance: $10000.00
[2015-06-25 11:26:39] INFO  (LoadHITs.java: 193) - --[Initializing]----------
[2015-06-25 11:26:39] INFO  (LoadHITs.java: 194) -  Input: ../samples/image_tagging/image_tagging.input
[2015-06-25 11:26:39] INFO  (LoadHITs.java: 195) -  Properties: ../samples/image_tagging/image_tagging.properties
[2015-06-25 11:26:39] INFO  (LoadHITs.java: 196) -  Question File: ../samples/image_tagging/image_tagging.question
[2015-06-25 11:26:39] INFO  (LoadHITs.java: 202) -  Preview mode disabled
[2015-06-25 11:26:41] INFO  (LoadHITs.java: 229) - --[Loading HITs]----------
[2015-06-25 11:26:41] INFO  (LoadHITs.java: 231) -   Start time: Thu Jun 25 11:26:41 PDT 2015
[2015-06-25 11:26:41] DEBUG (WorkQueue.java: 53) - Instantiating work queue with 2 threads
[2015-06-25 11:26:42] INFO  (RequesterService.java: 1548) - Created HIT 1: HITId=34R3P23QHS8B55P9DDIRULV6F5WHWN
[2015-06-25 11:26:42] INFO  (RequesterService.java: 1548) - Created HIT 2: HITId=3HFWPF5AK9Q34G11ENJOT2RBQNIS3C
[2015-06-25 11:26:42] INFO  (RequesterService.java: 1548) - Created HIT 3: HITId=3A9LA2FRWSLQU5UZNIEDW49DO72HXG
[2015-06-25 11:26:42] INFO  (RequesterService.java: 1548) - Created HIT 4: HITId=3JMQI2OLFZC46VBTZG8E7H3HU1ZNDT
[2015-06-25 11:26:42] INFO  (RequesterService.java: 1548) - Created HIT 5: HITId=3L84EBDQ379BCVW0UK2LJ2H3KFRKKY
[2015-06-25 11:26:42] INFO  (RequesterService.java: 1548) - Created HIT 6: HITId=3E6L1VR4XWTTXUJXR5HNT6KGBOQF6M
[2015-06-25 11:26:43] INFO  (WorkQueue.java: 71) - WARNING: Work queue has been shutdown with 244 pending Mechanical Turk requests
[2015-06-25 11:27:17] INFO  (LoadHITs.java: 193) - --[Initializing]----------
[2015-06-25 11:27:17] INFO  (LoadHITs.java: 194) -  Input: ../samples/image_tagging/image_tagging.input
[2015-06-25 11:27:17] INFO  (LoadHITs.java: 195) -  Properties: ../samples/image_tagging/image_tagging.properties
[2015-06-25 11:27:17] INFO  (LoadHITs.java: 196) -  Question File: ../samples/image_tagging/image_tagging.question
[2015-06-25 11:27:17] INFO  (LoadHITs.java: 202) -  Preview mode disabled
[2015-06-25 11:27:18] INFO  (LoadHITs.java: 229) - --[Loading HITs]----------
[2015-06-25 11:27:18] INFO  (LoadHITs.java: 231) -   Start time: Thu Jun 25 11:27:18 PDT 2015
[2015-06-25 11:27:18] DEBUG (WorkQueue.java: 53) - Instantiating work queue with 2 threads
[2015-06-25 11:27:19] INFO  (RequesterService.java: 1548) - Created HIT 1: HITId=3QREJ3J4334MW1EIFKEMY2UI9FWKL1
[2015-06-25 11:27:19] INFO  (RequesterService.java: 1548) - Created HIT 2: HITId=3IJ95K7NDXJ7IFLK169MD26E7TFNG3
[2015-06-25 11:27:19] INFO  (RequesterService.java: 1548) - Created HIT 3: HITId=3X878VYTIEPC1UX2AFMFZKKC6ZAF7L
[2015-06-25 11:27:19] INFO  (RequesterService.java: 1548) - Created HIT 4: HITId=3ZUE82NE0A8G182LKKELDKG7HJGF88
[2015-06-25 11:27:19] INFO  (RequesterService.java: 1548) - Created HIT 5: HITId=3AC6MFV69KPFZ0UEO02YTPPOW70HZD
[2015-06-25 11:27:19] INFO  (RequesterService.java: 1548) - Created HIT 6: HITId=367O8HRHKGFOMCK5E1O737JH4NES4X
[2015-06-25 11:27:20] INFO  (RequesterService.java: 1548) - Created HIT 7: HITId=3JVP4ZJHDPZITAZ8QO7RN2NHEDWI0F
[2015-06-25 11:27:20] INFO  (RequesterService.java: 1548) - Created HIT 8: HITId=31N9JPQXIPPLIBGVLCR4Y2IFMTSNH2
[2015-06-25 11:27:20] INFO  (RequesterService.java: 1548) - Created HIT 9: HITId=3XAOZ9UYRZYVHX89ZFG0A9XDAFJQ1T
[2015-06-25 11:27:20] INFO  (RequesterService.java: 1548) - Created HIT 10: HITId=3YZ7A3YHR506IVO5S67H8ZPV4J9S52
[2015-06-25 11:27:20] INFO  (RequesterService.java: 1548) - Created HIT 11: HITId=3QI9WAYOGQI21ZOJXPHM053V0EKS6I
[2015-06-25 11:27:20] INFO  (RequesterService.java: 1548) - Created HIT 12: HITId=391JB9X4ZYF62JW3FWF1YF979KMKM3
[2015-06-25 11:27:21] INFO  (RequesterService.java: 1548) - Created HIT 13: HITId=3JUDR1D0D6Y26IQ5IJGEFS7I2LXQ2A
[2015-06-25 11:27:21] INFO  (RequesterService.java: 1548) - Created HIT 14: HITId=3L1EFR8WWTCGFDLVPCKZDGBI1PYF9X
[2015-06-25 11:27:21] INFO  (RequesterService.java: 1548) - Created HIT 15: HITId=3J6BHNX0U9ZCK1H3RXU1BUY7EAWKN3
[2015-06-25 11:27:21] INFO  (RequesterService.java: 1548) - Created HIT 16: HITId=35NNO802AV3LE6RFRU9PYEJUM67NIV
[2015-06-25 11:27:21] INFO  (RequesterService.java: 1548) - Created HIT 17: HITId=3OYHVNTV5T5U2MHFSCUEQJYC4K1KOI
[2015-06-25 11:27:21] INFO  (RequesterService.java: 1548) - Created HIT 18: HITId=33J5JKFMK65RR0MOMJUJY2CA8ZXQ3L
[2015-06-25 11:27:21] INFO  (RequesterService.java: 1548) - Created HIT 19: HITId=3G4VVJO6PZNCNMTG7C7TFJ32EPXKPZ
[2015-06-25 11:27:21] INFO  (RequesterService.java: 1548) - Created HIT 20: HITId=351S7I5UG93H9HBL9CUPAFYUZLWNJ7
[2015-06-25 11:27:22] INFO  (RequesterService.java: 1548) - Created HIT 21: HITId=3J6BHNX0U9ZCK1H3RXU1BUY7EAWNK6
[2015-06-25 11:27:22] INFO  (RequesterService.java: 1548) - Created HIT 22: HITId=3IH9TRB0FB6I0ZKQM7BR176RJ52I1I
[2015-06-25 11:27:22] INFO  (RequesterService.java: 1548) - Created HIT 23: HITId=3SBX2M1TKDUC9W5SMXZ2874GMZTQ46
[2015-06-25 11:27:22] INFO  (RequesterService.java: 1548) - Created HIT 24: HITId=39KV3A5D18EL5Z2OGZME6J3RVP4S7H
[2015-06-25 11:27:22] INFO  (RequesterService.java: 1548) - Created HIT 25: HITId=3B623HUYJ4XP5D77Q4EKKJZM69AS84
[2015-06-25 11:27:22] INFO  (RequesterService.java: 1548) - Created HIT 26: HITId=3OPLMF3EU5UN47ZLCX62QUBM3A1NL9
[2015-06-25 11:27:22] INFO  (RequesterService.java: 1548) - Created HIT 27: HITId=3MIVREZQVH5XNYUV7PMIFOTCJLJKQQ
[2015-06-25 11:27:22] INFO  (RequesterService.java: 1548) - Created HIT 28: HITId=30IRMPJWDZQXZZ9VK4BIKE3HF7LKRR
[2015-06-25 11:27:23] INFO  (RequesterService.java: 1548) - Created HIT 29: HITId=3K3G488TR2FU5F9S02ICDZAUMVOQ5B
[2015-06-25 11:27:23] INFO  (RequesterService.java: 1548) - Created HIT 30: HITId=30EMX9PEVKQ90E98ZTBNAO8D194KSF
[2015-06-25 11:27:23] INFO  (RequesterService.java: 1548) - Created HIT 31: HITId=3S1L4CQSFXCUKWV0HIYZ9BM277GFAC
[2015-06-25 11:27:23] INFO  (RequesterService.java: 1548) - Created HIT 32: HITId=3S8APUMBJXQZ360SNWYV4M68PP1FB7
[2015-06-25 11:27:23] INFO  (RequesterService.java: 1548) - Created HIT 33: HITId=341YLJU21I6PPK2M5BB56QGWBBGI2Z
[2015-06-25 11:27:23] INFO  (RequesterService.java: 1548) - Created HIT 34: HITId=3XD2A6FGFN1PJIQHVWKYKFUXQFSS9T
[2015-06-25 11:27:23] INFO  (RequesterService.java: 1548) - Created HIT 35: HITId=3W9XHF7WGK2AFEMNOTGDKT4Z3SIKT4
[2015-06-25 11:27:23] INFO  (RequesterService.java: 1548) - Created HIT 36: HITId=37ZQELHEQ057APH6C97HQ7QB3FRNMB
[2015-06-25 11:27:24] INFO  (RequesterService.java: 1548) - Created HIT 37: HITId=3H4IKZHALBPDS726OAMH3MFB851NNB
[2015-06-25 11:27:24] INFO  (RequesterService.java: 1548) - Created HIT 38: HITId=3ZXV7Q5FJBVIDBSY1WUQF6CQ7A1FCE
[2015-06-25 11:27:24] INFO  (RequesterService.java: 1548) - Created HIT 39: HITId=3CMIQF80GNXQOJ965LSH55OUIQZQ6R
[2015-06-25 11:27:24] INFO  (RequesterService.java: 1548) - Created HIT 40: HITId=3OID399FXGESI3YC1SP1ZCU8SADFDE
[2015-06-25 11:27:24] INFO  (RequesterService.java: 1548) - Created HIT 41: HITId=3MWOYZD5WVVVAS2IPPMUIBFGYF6NOQ
[2015-06-25 11:27:24] INFO  (RequesterService.java: 1548) - Created HIT 42: HITId=3RKHNXPHGW3PFR1COY6NPPQ1M6PKUV
[2015-06-25 11:27:24] INFO  (RequesterService.java: 1548) - Created HIT 43: HITId=3E22YV8GG1DDVSEJ4PZ97BK68K2NP7
[2015-06-25 11:27:25] INFO  (RequesterService.java: 1548) - Created HIT 44: HITId=3909MD9T2ZOXA9CCXN0L5UCTSMEFE7
[2015-06-25 11:27:25] INFO  (RequesterService.java: 1548) - Created HIT 45: HITId=3OQQD2WO8IDEA2Y59BPAP0LOHPGI3A
[2015-06-25 11:27:25] INFO  (RequesterService.java: 1548) - Created HIT 46: HITId=324N5FAHSXIPS6QCTOGSLBSK0DYKVK
[2015-06-25 11:27:25] INFO  (RequesterService.java: 1548) - Created HIT 47: HITId=34D9ZRXCYR13O10MN2YYGA5HWXASA8
[2015-06-25 11:27:25] INFO  (RequesterService.java: 1548) - Created HIT 48: HITId=34KYK9TV2RF87B5ETGYUBLPNEFVSB3
[2015-06-25 11:27:25] INFO  (RequesterService.java: 1548) - Created HIT 49: HITId=3DIIW4IV8P2ZSYH99PUTZ5DUVPCI4V
[2015-06-25 11:27:25] INFO  (RequesterService.java: 1548) - Created HIT 50: HITId=3VO4XFFP15T9SJNBOVX9BJOQD1JQ7Q
[2015-06-25 11:27:25] INFO  (RequesterService.java: 1548) - Created HIT 51: HITId=3RWSQDNYL9TPGNC8SYKRNCXT4NTFFP
[2015-06-25 11:27:26] INFO  (RequesterService.java: 1548) - Created HIT 52: HITId=3MA5N0ATTCI27VQHJYLO7DBY7M0KWU
[2015-06-25 11:27:26] INFO  (RequesterService.java: 1548) - Created HIT 53: HITId=3XABXM4AJ1CDSXSUY0PFPJKLOLPQ8D
[2015-06-25 11:27:26] INFO  (RequesterService.java: 1548) - Created HIT 54: HITId=3KG2UQJ0MJVYV4FY42EY7GAGDGONQY
[2015-06-25 11:27:26] INFO  (RequesterService.java: 1548) - Created HIT 55: HITId=35A1YQPVFENHOHL9NUD34XJ8VL7I50
[2015-06-25 11:27:26] INFO  (RequesterService.java: 1548) - Created HIT 56: HITId=3XT3KXP24Z5D7LLNSDN8W3X8RGII6G
[2015-06-25 11:27:26] INFO  (RequesterService.java: 1548) - Created HIT 57: HITId=3NFWQRSHVELVUN833IQ95XX552TFGO
[2015-06-25 11:27:26] INFO  (RequesterService.java: 1548) - Created HIT 58: HITId=3SSN80MU8CVHWVV7T3HA9WP5GO6KXN
[2015-06-25 11:27:26] INFO  (RequesterService.java: 1548) - Created HIT 59: HITId=3GVPRXWRPH1WBLZSBNS02HX4MR2I7F
[2015-06-25 11:27:27] INFO  (RequesterService.java: 1548) - Created HIT 60: HITId=3JHB4BPSFKGD62B43SVTPFFW8R7Q92
[2015-06-25 11:27:27] INFO  (RequesterService.java: 1548) - Created HIT 61: HITId=3QHITW7OYOGRBLL9VY9TLAQGE9PQAH
[2015-06-25 11:27:27] INFO  (RequesterService.java: 1548) - Created HIT 62: HITId=3B9J25CZ25KRHGXK7GUPM5V5W0VSCA
[2015-06-25 11:27:27] INFO  (RequesterService.java: 1548) - Created HIT 63: HITId=3AA88CN98PA6W0LHYZ3CSAWEIU0KYT
[2015-06-25 11:27:27] INFO  (RequesterService.java: 1548) - Created HIT 64: HITId=3YGYP13641GY75UYHH3YC6KL92QNRZ
[2015-06-25 11:27:27] INFO  (RequesterService.java: 1548) - Created HIT 65: HITId=30U1YOGZGA31M83Y7CP06BDNH07SDA
[2015-06-25 11:27:27] INFO  (RequesterService.java: 1548) - Created HIT 66: HITId=3YCT0L9OMMGA8KUBW6332GPHV49NSN
[2015-06-25 11:27:27] INFO  (RequesterService.java: 1548) - Created HIT 67: HITId=3QO7EE372OUWUVQ11C9PGLAMWRAQBC
[2015-06-25 11:27:28] INFO  (RequesterService.java: 1548) - Created HIT 68: HITId=36JW4WBR06R9UJ3ENO8RQX96K26FHN
[2015-06-25 11:27:28] INFO  (RequesterService.java: 1548) - Created HIT 69: HITId=3U74KRR67MSBNK7QL68TCLL3XNNNTC
[2015-06-25 11:27:30] INFO  (RequesterService.java: 1548) - Created HIT 70: HITId=3XDSWAMB22ZF40I7FC5KR5G4ECAQCJ
[2015-06-25 11:27:30] INFO  (RequesterService.java: 1548) - Created HIT 71: HITId=3LCXHSGDLTD6EEHY370KCTV8HC8SE3
[2015-06-25 11:27:32] INFO  (RequesterService.java: 1548) - Created HIT 72: HITId=3MYASTQBG7IP9SOLF80VBBYMZCMQDJ
[2015-06-25 11:27:32] INFO  (RequesterService.java: 1548) - Created HIT 73: HITId=3IHWR4LC7DK0BZ4BLSK6GHTZXB8I82
[2015-06-25 11:27:32] INFO  (RequesterService.java: 1548) - Created HIT 74: HITId=338GLSUI43IYKSHUYIKQUBG8TDNSFL
[2015-06-25 11:27:32] INFO  (RequesterService.java: 1548) - Created HIT 75: HITId=3AJA9FLWSC59QEEYT6QCQ9ALKFLFIG
[2015-06-25 11:27:32] INFO  (RequesterService.java: 1548) - Created HIT 76: HITId=3AXFSPQOYQ55LPY4BOBC2APLXUAFJS
[2015-06-25 11:27:33] INFO  (RequesterService.java: 1548) - Created HIT 77: HITId=37G6BXQPLQSU1Y2LB3BFHTG7ZONQEC
[2015-06-25 11:27:33] INFO  (RequesterService.java: 1548) - Created HIT 78: HITId=3O2Y2UIUCQ10W94MT9BO3PPYCJAFKR
[2015-06-25 11:27:35] INFO  (RequesterService.java: 1548) - Created HIT 79: HITId=3PIOQ99R7YTQNXMFLBY3HH75G1UNU3
[2015-06-25 11:27:35] INFO  (RequesterService.java: 1548) - Created HIT 80: HITId=34OWYT6U3WO0P4NLQKQKGDOAHHQI9R
[2015-06-25 11:27:36] INFO  (RequesterService.java: 1548) - Created HIT 81: HITId=3BO3NEOQM0OEUNXQIQ4KC8ZUNZ8IA6
[2015-06-25 11:27:36] INFO  (RequesterService.java: 1548) - Created HIT 82: HITId=3SV8KD29L4Z61QVMUL5V6H5GOO4KZK
[2015-06-25 11:27:36] INFO  (RequesterService.java: 1548) - Created HIT 83: HITId=32XN26MTXZQKJB7EBR44FIF9VHQL0W
[2015-06-25 11:27:36] INFO  (RequesterService.java: 1548) - Created HIT 84: HITId=3TL87MO8CMWBGFM4E9NPIP2D1JFFLU
[2015-06-25 11:27:40] INFO  (RequesterService.java: 1548) - Created HIT 85: HITId=3K8CQCU3KE83F1BKGBD4Z5S21H5NW2
[2015-06-25 11:27:40] INFO  (RequesterService.java: 1548) - Created HIT 86: HITId=3CVDZS288H7VMX4PELO4I2H21O5FMW
[2015-06-25 11:27:40] INFO  (RequesterService.java: 1548) - Created HIT 87: HITId=3ZRKL6Z1E8A4YSDP92Q8CWGKUSNSGK
[2015-06-25 11:27:40] INFO  (RequesterService.java: 1548) - Created HIT 88: HITId=31J7RYECZLXKQ0SW7A84TNYJ09WL1Z
[2015-06-25 11:27:40] INFO  (RequesterService.java: 1548) - Created HIT 89: HITId=3M0556243SR14FPPQM34VH626EFFNW
[2015-06-25 11:27:40] INFO  (RequesterService.java: 1548) - Created HIT 90: HITId=302U8RURJZ8Q0CBFQ188D39OU83NVS
[2015-06-25 11:27:40] INFO  (RequesterService.java: 1548) - Created HIT 91: HITId=3N3WJQXELSXRFLASQE8IY68OSFAL2G
[2015-06-25 11:27:40] INFO  (RequesterService.java: 1548) - Created HIT 92: HITId=3PCPFX4U40XM7C2H6EVLZB17BP2QFU
[2015-06-25 11:27:41] INFO  (RequesterService.java: 1548) - Created HIT 93: HITId=3RSBJ6YZECXJM0P1R13HA667WOKFOB
[2015-06-25 11:27:41] INFO  (RequesterService.java: 1548) - Created HIT 94: HITId=37SOB9Z0SS4G036BUEMNHGDGYTAL3R
[2015-06-25 11:27:43] INFO  (RequesterService.java: 1548) - Created HIT 95: HITId=3WKGUBL7SZT1IZPFUSR6RL5MCT6L4C
[2015-06-25 11:27:43] INFO  (RequesterService.java: 1548) - Created HIT 96: HITId=3LVTFB9DE5PSLCYCHY13HW1JC42QGT
[2015-06-25 11:27:43] INFO  (RequesterService.java: 1548) - Created HIT 97: HITId=3BVS8WK9Q02JDX2IO44G7JJ05HTIB1
[2015-06-25 11:27:43] INFO  (RequesterService.java: 1548) - Created HIT 98: HITId=3OCZWXS7ZOEJEITF8XAGWDB0CP1L5H
[2015-06-25 11:27:44] INFO  (RequesterService.java: 1548) - Created HIT 99: HITId=3JYPJ2TAYIF1701261GWZ6BX6TGFPS
[2015-06-25 11:27:44] INFO  (RequesterService.java: 1548) - Created HIT 100: HITId=3IVKZBIBJ0GIYO80T88QXWSL9S0SHJ
[2015-06-25 11:27:44] INFO  (RequesterService.java: 1592) - 
You may see your HIT(s) with HITTypeId '373P3486EFUTONQTNAU1PUOXO6SC8A' here: 
[2015-06-25 11:27:44] INFO  (RequesterService.java: 1593) - 
  https://workersandbox.mturk.com/mturk/preview?groupId=373P3486EFUTONQTNAU1PUOXO6SC8A

[2015-06-25 11:27:44] INFO  (LoadHITs.java: 239) -   End time: Thu Jun 25 11:27:44 PDT 2015
[2015-06-25 11:27:44] INFO  (LoadHITs.java: 240) - --[Done Loading HITs]----------
[2015-06-25 11:27:44] INFO  (LoadHITs.java: 241) -   Total load time: 25 seconds.
[2015-06-25 11:27:44] INFO  (LoadHITs.java: 243) -   Successfully loaded 100 HITs.
[2015-06-25 11:48:11] INFO  (LoadHITs.java: 193) - --[Initializing]----------
[2015-06-25 11:48:11] INFO  (LoadHITs.java: 194) -  Input: ../samples/image_tagging/image_tagging.input
[2015-06-25 11:48:11] INFO  (LoadHITs.java: 195) -  Properties: ../samples/image_tagging/image_tagging.properties
[2015-06-25 11:48:11] INFO  (LoadHITs.java: 196) -  Question File: ../samples/image_tagging/image_tagging.question
[2015-06-25 11:48:11] INFO  (LoadHITs.java: 202) -  Preview mode disabled
[2015-06-25 11:48:12] INFO  (LoadHITs.java: 229) - --[Loading HITs]----------
[2015-06-25 11:48:12] INFO  (LoadHITs.java: 231) -   Start time: Thu Jun 25 11:48:12 PDT 2015
[2015-06-25 11:48:13] DEBUG (WorkQueue.java: 53) - Instantiating work queue with 2 threads
[2015-06-25 11:48:13] INFO  (RequesterService.java: 1548) - Created HIT 1: HITId=3OKP4QVBP240YWRVS24HRWME8MGGAC
[2015-06-25 11:48:13] INFO  (RequesterService.java: 1548) - Created HIT 2: HITId=3HKIF5DF6Y4MTDHQ0WQHV1BU24YG9X
[2015-06-25 11:48:13] INFO  (RequesterService.java: 1548) - Created HIT 3: HITId=3OREP8RUT2I5H6WNYG4DM76KQ41GB7
[2015-06-25 11:48:13] INFO  (RequesterService.java: 1548) - Created HIT 4: HITId=3HJ1EVZS2OQR311OZYJJ3SMF4LZR3N
[2015-06-25 11:48:14] INFO  (RequesterService.java: 1548) - Created HIT 5: HITId=3RSBJ6YZECXJM0P1R13HA667WOKOFK
[2015-06-25 11:48:14] INFO  (RequesterService.java: 1548) - Created HIT 6: HITId=3MVY4USGB6UIUJJKZQQBX8T095FIS2
[2015-06-25 11:48:14] INFO  (RequesterService.java: 1548) - Created HIT 7: HITId=3TLFH2L6Y9VFYYIXZNA9KXI5MSWT2R
[2015-06-25 11:48:14] INFO  (RequesterService.java: 1548) - Created HIT 8: HITId=3VGZ74AYTGNORBOTCG08XRC28P1GCE
[2015-06-25 11:48:14] INFO  (RequesterService.java: 1548) - Created HIT 9: HITId=3K1H3NEY7L6YW3U7CCVJHXUKTPDGDE
[2015-06-25 11:48:14] INFO  (RequesterService.java: 1548) - Created HIT 10: HITId=36BTXXLZ2VFCLXKSZCO2DXELILVR48
[2015-06-25 11:48:14] INFO  (RequesterService.java: 1548) - Created HIT 11: HITId=3IQ9O0AYW66J9JWZOQV17DPMBOTITR
[2015-06-25 11:48:14] INFO  (RequesterService.java: 1548) - Created HIT 12: HITId=3OPLMF3EU5UN47ZLCX62QUBM3A1LN7
[2015-06-25 11:48:15] INFO  (RequesterService.java: 1548) - Created HIT 13: HITId=3DA79LNS5924JGEG3NOE37NXS6WT32
[2015-06-25 11:48:15] INFO  (RequesterService.java: 1548) - Created HIT 14: HITId=3D1TUISJWI7Y9WBOOVLBC9BOU20IUI
[2015-06-25 11:48:15] INFO  (RequesterService.java: 1548) - Created HIT 15: HITId=35JDMRECC4G3O9878763NFC5T1EGE7
[2015-06-25 11:48:15] INFO  (RequesterService.java: 1548) - Created HIT 16: HITId=3THR0FZ95P05MSZXDC6F5JBRTK6LOM
[2015-06-25 11:48:15] INFO  (RequesterService.java: 1548) - Created HIT 17: HITId=3LN50BUKPVIN7SBYSCJUUJGH3P2LP3
[2015-06-25 11:48:15] INFO  (RequesterService.java: 1548) - Created HIT 18: HITId=3R15W654VD0874CDSPYJUO6R8LOLQU
[2015-06-25 11:48:15] INFO  (RequesterService.java: 1548) - Created HIT 19: HITId=3NBFJK3IOHPP00LW2L9ZSR6JX3KOGJ
[2015-06-25 11:48:15] INFO  (RequesterService.java: 1548) - Created HIT 20: HITId=36FFXPMST9V30WG7MRRHDRIKC3XOHI
[2015-06-25 11:48:16] INFO  (RequesterService.java: 1548) - Created HIT 21: HITId=3OLZC0DJ8JMYMB0OTLVG8VD7899IV7
[2015-06-25 11:48:16] INFO  (RequesterService.java: 1548) - Created HIT 22: HITId=38RHULDV9YMB100TJV0CUXWLFIBIWH
[2015-06-25 11:48:16] INFO  (RequesterService.java: 1548) - Created HIT 23: HITId=3AFT28WXLF93WRRRS992D3JZCGCOIB
[2015-06-25 11:48:16] INFO  (RequesterService.java: 1548) - Created HIT 24: HITId=3511RHPADVL8J5RD54NJZEGW47QLRV
[2015-06-25 11:48:16] INFO  (RequesterService.java: 1548) - Created HIT 25: HITId=3NFWQRSHVELVUN833IQ95XX552TGFP
[2015-06-25 11:48:16] INFO  (RequesterService.java: 1548) - Created HIT 26: HITId=3E9ZFLPWOYZQQ05JT0WYWGASOKHIXA
[2015-06-25 11:48:16] INFO  (RequesterService.java: 1548) - Created HIT 27: HITId=3WRKFXQBOBEFQ5VTYWI0FUH1QQBIYG
[2015-06-25 11:48:17] INFO  (RequesterService.java: 1548) - Created HIT 28: HITId=322ZSN9Z5GRP1CXK31TXDCF366ST4N
[2015-06-25 11:48:17] INFO  (RequesterService.java: 1548) - Created HIT 29: HITId=3ECKRY5B1Q3FVV5YUIKJT1Q3WKFIZ7
[2015-06-25 11:48:17] INFO  (RequesterService.java: 1548) - Created HIT 30: HITId=3ATYLI1PRT9ZR2BXARU2P4YZPV1OJN
[2015-06-25 11:48:17] INFO  (RequesterService.java: 1548) - Created HIT 31: HITId=3Y3CZJSZ9K0UHGOSDH7CIPKZIHQR5D
[2015-06-25 11:48:17] INFO  (RequesterService.java: 1548) - Created HIT 32: HITId=3J9UN9O9J3ZEOLJE86SRZ32HRSLJ0S
[2015-06-25 11:48:17] INFO  (RequesterService.java: 1548) - Created HIT 33: HITId=3QMELQS6Y5IQ0KO6I0HHAVYZEC1R6T
[2015-06-25 11:48:17] INFO  (RequesterService.java: 1548) - Created HIT 34: HITId=3OYHVNTV5T5U2MHFSCUEQJYC4K1OKM
[2015-06-25 11:48:17] INFO  (RequesterService.java: 1548) - Created HIT 35: HITId=3UUIU9GZC5C7XV1KH6C7I4LH62NT5S
[2015-06-25 11:48:18] INFO  (RequesterService.java: 1548) - Created HIT 36: HITId=3THR0FZ95P05MSZXDC6F5JBRTK6OLP
[2015-06-25 11:48:18] INFO  (RequesterService.java: 1548) - Created HIT 37: HITId=39O0SQZVJNE94K2B1AM9G9YV9NLR7S
[2015-06-25 11:48:18] INFO  (RequesterService.java: 1548) - Created HIT 38: HITId=3JY0Q5X05JD18N4YE2WRNIXH6HTGGO
[2015-06-25 11:48:18] INFO  (RequesterService.java: 1548) - Created HIT 39: HITId=3IVEC1GSLP6EVA4W4PWRD8LRWKRJ1V
[2015-06-25 11:48:18] INFO  (RequesterService.java: 1548) - Created HIT 40: HITId=35XW21VSVGLKKKRQKTNOPOLSQ99LSJ
[2015-06-25 11:48:18] INFO  (RequesterService.java: 1548) - Created HIT 41: HITId=34F34TZU7W6LKVMSNTW5IRVWOQ5J2C
[2015-06-25 11:48:18] INFO  (RequesterService.java: 1548) - Created HIT 42: HITId=3BA7SXOG1JXD4Y7UBFEFU9UQK7RR8F
[2015-06-25 11:48:18] INFO  (RequesterService.java: 1548) - Created HIT 43: HITId=3XH7ZM9YX21DI3Q4G7KTU5P14D9R94
[2015-06-25 11:48:19] INFO  (RequesterService.java: 1548) - Created HIT 44: HITId=34HEO7RUG61RNM098DYTQ00LAVRRAJ
[2015-06-25 11:48:19] INFO  (RequesterService.java: 1548) - Created HIT 45: HITId=34O39PNDK6FW6W51ERYPLBKRSDCRBE
[2015-06-25 11:48:19] INFO  (RequesterService.java: 1548) - Created HIT 46: HITId=31S7M7DAGGXLZK459TSEZTHESSNLT8
[2015-06-25 11:48:19] INFO  (RequesterService.java: 1548) - Created HIT 47: HITId=3MDKGGG61QU3GZ1YMPMCAAZH2XYT68
[2015-06-25 11:48:19] INFO  (RequesterService.java: 1548) - Created HIT 48: HITId=3W3RSPVVGSY0ZXJU9YIO4P3GB6ULUZ
[2015-06-25 11:48:19] INFO  (RequesterService.java: 1548) - Created HIT 49: HITId=3O4VWC1GEWDA5DIBRTAA110OU45J3N
[2015-06-25 11:48:19] INFO  (RequesterService.java: 1548) - Created HIT 50: HITId=35F6NGNVM8QMKZF35ZR4GOZDX8IT77
[2015-06-25 11:48:20] INFO  (RequesterService.java: 1548) - Created HIT 51: HITId=3DWNFENNE32VN91FR7FTB6SU841J48
[2015-06-25 11:48:20] INFO  (RequesterService.java: 1548) - Created HIT 52: HITId=37NXA7GVSTD0CC8UEOST0B5ZPD3LVO
[2015-06-25 11:48:20] INFO  (RequesterService.java: 1548) - Created HIT 53: HITId=3RTFSSG7T8DDR18Z4YXPMDODWM5LWY
[2015-06-25 11:48:20] INFO  (RequesterService.java: 1548) - Created HIT 54: HITId=3XBXDSS888QSG1DPE3TBOW2K5OBLXR
[2015-06-25 11:48:20] INFO  (RequesterService.java: 1548) - Created HIT 55: HITId=3FTID4TN8L5HG63ZJZFD7A9T7U5LYX
[2015-06-25 11:48:20] INFO  (RequesterService.java: 1548) - Created HIT 56: HITId=3BDORL6HKKKFG1X7SRUKWVQ9AYCRCL
[2015-06-25 11:48:20] INFO  (RequesterService.java: 1548) - Created HIT 57: HITId=3CRWSLD91KBPSAHIDO7U5WQGTPWOMR
[2015-06-25 11:48:20] INFO  (RequesterService.java: 1548) - Created HIT 58: HITId=3MWOYZD5WVVVAS2IPPMUIBFGYF6ONR
[2015-06-25 11:48:21] INFO  (RequesterService.java: 1548) - Created HIT 59: HITId=32204AGAABJF8JZ9Y8E98I9ILH6GHN
[2015-06-25 11:48:21] INFO  (RequesterService.java: 1548) - Created HIT 60: HITId=3XEIP58NL0UHLWD4FLHWLHIVDO9LZO
[2015-06-25 11:48:21] INFO  (RequesterService.java: 1548) - Created HIT 61: HITId=362E9TQF2HXF4EAT4QWU8UAXLULGIG
[2015-06-25 11:48:21] INFO  (RequesterService.java: 1548) - Created HIT 62: HITId=3L7SUC0TTU14PTPZB35JFVUYVMGM0Z
[2015-06-25 11:48:21] INFO  (RequesterService.java: 1548) - Created HIT 63: HITId=35O6H0UNLSNDJS5F5CY3GYY880WJ5D
[2015-06-25 11:48:21] INFO  (RequesterService.java: 1548) - Created HIT 64: HITId=30Y6N4AHYP3PLT3LSNPVG18RVYORDL
[2015-06-25 11:48:21] INFO  (RequesterService.java: 1548) - Created HIT 65: HITId=371DNNCG449QKDKMF4JAUOV88SOT8U
[2015-06-25 11:48:21] INFO  (RequesterService.java: 1548) - Created HIT 66: HITId=3ROUCZ907F1DSD2UQ4M7X0FLOPBOO6
[2015-06-25 11:48:22] INFO  (RequesterService.java: 1548) - Created HIT 67: HITId=36GJS3V78VXBZPUZM8HUKVPXY9AGJS
[2015-06-25 11:48:22] INFO  (RequesterService.java: 1548) - Created HIT 68: HITId=3LG268AV38DUDZHLOI0FMJQCVAPREE
[2015-06-25 11:48:24] INFO  (RequesterService.java: 1548) - Created HIT 69: HITId=3X7837UUAD592W5TAV8884C84V7J6T
[2015-06-25 11:48:26] INFO  (RequesterService.java: 1548) - Created HIT 70: HITId=3KL228NDMVT6A90H4TH6LAPADYAGKR
[2015-06-25 11:48:26] INFO  (RequesterService.java: 1548) - Created HIT 71: HITId=33CLA8O0MIIMJDHHJTKL41BC7B4RFW
[2015-06-25 11:48:26] INFO  (RequesterService.java: 1548) - Created HIT 72: HITId=3G9UA71JVV1S6WJYT5D0EIC4Z6RJ7S
[2015-06-25 11:48:26] INFO  (RequesterService.java: 1548) - Created HIT 73: HITId=3JU8CV4BRLJVDDEV54ZMM0KBYU7OPN
[2015-06-25 11:48:26] INFO  (RequesterService.java: 1548) - Created HIT 74: HITId=3KTCJ4SCVG84WIAH7M9JT0D80EMM12
[2015-06-25 11:48:26] INFO  (RequesterService.java: 1548) - Created HIT 75: HITId=36D1BWBEHN8BL3SDQQ9XYJNDSK0M2J
[2015-06-25 11:48:26] INFO  (RequesterService.java: 1548) - Created HIT 76: HITId=3Q2T3FD0ONF06LOWUQN2HTS5YY0M3U
[2015-06-25 11:48:29] INFO  (RequesterService.java: 1548) - Created HIT 77: HITId=3T8DUCXY0NDQYI3WKWPOUKQJSY6T9J
[2015-06-25 11:48:29] INFO  (RequesterService.java: 1548) - Created HIT 78: HITId=3P888QFVX31GDPFA5HEBM5AL3QTOQE
[2015-06-25 11:48:29] INFO  (RequesterService.java: 1548) - Created HIT 79: HITId=3FULMHZ7OU4LOH70U4SLRYKBCYWM4F
[2015-06-25 11:48:29] INFO  (RequesterService.java: 1548) - Created HIT 80: HITId=338431Z1FLMGPQUAIW3BRVKQZCVORF
[2015-06-25 11:48:29] INFO  (RequesterService.java: 1548) - Created HIT 81: HITId=3ZVPAMTJWNASXDDCUDQ3MMBO8Q4RGV
[2015-06-25 11:48:29] INFO  (RequesterService.java: 1548) - Created HIT 82: HITId=3IZPORCT1FG6X98NEJ8L7MNPNQHRHU
[2015-06-25 11:48:31] INFO  (RequesterService.java: 1548) - Created HIT 83: HITId=3P4C70TRMROHUFIZPTT70A2P2YFGLU
[2015-06-25 11:48:31] INFO  (RequesterService.java: 1548) - Created HIT 84: HITId=37M4O367VJP3K0B089BVWQQPCURM5K
[2015-06-25 11:48:37] INFO  (RequesterService.java: 1548) - Created HIT 85: HITId=3KTZHH2ONIMM7IU267IY8A0GEKSM8M
[2015-06-25 11:48:37] INFO  (RequesterService.java: 1548) - Created HIT 86: HITId=3MZ3TAMYTLU6T4J7K1Q67YO4N3WRIN
[2015-06-25 11:48:37] INFO  (RequesterService.java: 1548) - Created HIT 87: HITId=308KJXFUJRD431D1C23OQF13YGOTAY
[2015-06-25 11:48:37] INFO  (RequesterService.java: 1548) - Created HIT 88: HITId=3Z56AA6EK47Z34BEDSL0OW4P8P2M60
[2015-06-25 11:48:37] INFO  (RequesterService.java: 1548) - Created HIT 89: HITId=3MD8CKRQZZU2OF3D2JB6JZ340ILRJZ
[2015-06-25 11:48:37] INFO  (RequesterService.java: 1548) - Created HIT 90: HITId=334ZEL5JX6MSQ5UNXL3GH5PMLEEOS3
[2015-06-25 11:48:37] INFO  (RequesterService.java: 1548) - Created HIT 91: HITId=3IV1AEQ4DRKW6AOH3A56SI8ZAQXJ8F
[2015-06-25 11:48:37] INFO  (RequesterService.java: 1548) - Created HIT 92: HITId=3421H3BM9AOWKF7R82BKSE3AUWFJ94
[2015-06-25 11:48:37] INFO  (RequesterService.java: 1548) - Created HIT 93: HITId=3ZZAYRN1I6YT5572ML86RAL8NXSOTS
[2015-06-25 11:48:37] INFO  (RequesterService.java: 1548) - Created HIT 94: HITId=3B286OTISEOAPYHW08PKO9EU0EXJAJ
[2015-06-25 11:48:37] INFO  (RequesterService.java: 1548) - Created HIT 95: HITId=3I7SHAD35M3I74PJW2QSUA4L30MM7Z
[2015-06-25 11:48:37] INFO  (RequesterService.java: 1548) - Created HIT 96: HITId=38EHZ67RIMZ10X0KP5UM0NHE235GMW
[2015-06-25 11:48:37] INFO  (RequesterService.java: 1548) - Created HIT 97: HITId=3W3RSPVVGSY0ZXJU9YIO4P3GB6UUL8
[2015-06-25 11:48:37] INFO  (RequesterService.java: 1548) - Created HIT 98: HITId=3FDWKV9VCN9K5F1F9AJ342I5BBKUMA
[2015-06-25 11:48:39] INFO  (RequesterService.java: 1548) - Created HIT 99: HITId=3B9XR6P1WE2F88MO6MPGJKY0IWIJBE
[2015-06-25 11:48:39] INFO  (RequesterService.java: 1548) - Created HIT 100: HITId=30F94FBDNRR9MBITIG3KLQL9GY9TBT
[2015-06-25 11:48:39] INFO  (RequesterService.java: 1592) - 
You may see your HIT(s) with HITTypeId '373P3486EFUTONQTNAU1PUOXO6SC8A' here: 
[2015-06-25 11:48:39] INFO  (RequesterService.java: 1593) - 
  https://workersandbox.mturk.com/mturk/preview?groupId=373P3486EFUTONQTNAU1PUOXO6SC8A

[2015-06-25 11:48:39] INFO  (LoadHITs.java: 239) -   End time: Thu Jun 25 11:48:39 PDT 2015
[2015-06-25 11:48:39] INFO  (LoadHITs.java: 240) - --[Done Loading HITs]----------
[2015-06-25 11:48:39] INFO  (LoadHITs.java: 241) -   Total load time: 27 seconds.
[2015-06-25 11:48:39] INFO  (LoadHITs.java: 243) -   Successfully loaded 100 HITs.
[2015-06-25 11:49:19] INFO  (LoadHITs.java: 193) - --[Initializing]----------
[2015-06-25 11:49:19] INFO  (LoadHITs.java: 194) -  Input: ../samples/image_category/image_category.input
[2015-06-25 11:49:19] INFO  (LoadHITs.java: 195) -  Properties: ../samples/image_category/image_category.properties
[2015-06-25 11:49:19] INFO  (LoadHITs.java: 196) -  Question File: ../samples/image_category/image_category.question
[2015-06-25 11:49:19] INFO  (LoadHITs.java: 202) -  Preview mode disabled
[2015-06-25 11:49:20] INFO  (LoadHITs.java: 229) - --[Loading HITs]----------
[2015-06-25 11:49:20] INFO  (LoadHITs.java: 231) -   Start time: Thu Jun 25 11:49:20 PDT 2015
[2015-06-25 11:49:21] DEBUG (WorkQueue.java: 53) - Instantiating work queue with 2 threads
[2015-06-25 11:49:21] INFO  (RequesterService.java: 1548) - Created HIT 1: HITId=37J05LC5AXQ8N5K8KIGMEAM0LHUJDL
[2015-06-25 11:49:21] INFO  (RequesterService.java: 1548) - Created HIT 2: HITId=3UAU495MIIZ85IMRMQYGW67A6BZOUJ
[2015-06-25 11:49:21] INFO  (RequesterService.java: 1548) - Created HIT 3: HITId=30IRMPJWDZQXZZ9VK4BIKE3HF7LRKY
[2015-06-25 11:49:21] INFO  (RequesterService.java: 1548) - Created HIT 4: HITId=3S1WOPCJFG0DFBY8GDR6KS4LLTVJEE
[2015-06-25 11:49:22] INFO  (RequesterService.java: 1548) - Created HIT 5: HITId=35U0MRQMUJE8IXBRRG8LSS9TKI8OV8
[2015-06-25 11:49:22] INFO  (RequesterService.java: 1548) - Created HIT 6: HITId=3IJ95K7NDXJ7IFLK169MD26E7TFGNW
[2015-06-25 11:49:22] INFO  (RequesterService.java: 1548) - Created HIT 7: HITId=3MG8450X2OHQQIYS1QBVL6C0GGVUP6
[2015-06-25 11:49:22] INFO  (RequesterService.java: 1548) - Created HIT 8: HITId=3NBFJK3IOHPP00LW2L9ZSR6JX3KGOB
[2015-06-25 11:49:22] INFO  (RequesterService.java: 1548) - Created HIT 9: HITId=374UMBUHN5WSWGAZWGZFWARRYJ9TC0
[2015-06-25 11:49:22] INFO  (RequesterService.java: 1548) - Created HIT 10: HITId=3S829FDFT289IPPX1MVN5JUFWF9XDN
[2015-06-25 11:49:23] INFO  (RequesterService.java: 1548) - Created HIT 11: HITId=3SU800BH86ZBQUZ713QKLB2ALCHUQX
[2015-06-25 11:49:23] INFO  (RequesterService.java: 1548) - Created HIT 12: HITId=3VI0PC2ZAYR0MMGMRV93GD6E0TGOXB
[2015-06-25 11:49:23] INFO  (RequesterService.java: 1548) - Created HIT 13: HITId=3WPCIUYH1AF218GDWCUQGG99JJLTD0
[2015-06-25 11:49:23] INFO  (RequesterService.java: 1548) - Created HIT 14: HITId=3DQYSJDTYLIEAV3XXH67B1C0WRAXEG
[2015-06-25 11:49:23] INFO  (RequesterService.java: 1548) - Created HIT 15: HITId=3511RHPADVL8J5RD54NJZEGW47QRL1
[2015-06-25 11:49:23] INFO  (RequesterService.java: 1548) - Created HIT 16: HITId=36U4VBVNQOKB2VE7EIFKQ1CFHYJURY
[2015-06-25 11:49:23] INFO  (RequesterService.java: 1548) - Created HIT 17: HITId=3OB6JN3A9QWSPN9Y5GOYZRVL4CGRM3
[2015-06-25 11:49:23] INFO  (RequesterService.java: 1548) - Created HIT 18: HITId=3VMHWJRYHVN6G93TSSQDTJX08SPXFY
[2015-06-25 11:49:24] INFO  (RequesterService.java: 1548) - Created HIT 19: HITId=3YGYP13641GY75UYHH3YC6KL92QRN3
[2015-06-25 11:49:24] INFO  (RequesterService.java: 1548) - Created HIT 20: HITId=3AXFSPQOYQ55LPY4BOBC2APLXUAJFW
[2015-06-25 11:49:24] INFO  (RequesterService.java: 1548) - Created HIT 21: HITId=36GJS3V78VXBZPUZM8HUKVPXY9AJGV
[2015-06-25 11:49:24] INFO  (RequesterService.java: 1548) - Created HIT 22: HITId=338431Z1FLMGPQUAIW3BRVKQZCVROI
[2015-06-25 11:49:24] INFO  (RequesterService.java: 1548) - Created HIT 23: HITId=3VZYA8PITO56HM4TJ4OXYTJC9RR05O
[2015-06-25 11:49:24] INFO  (RequesterService.java: 1548) - Created HIT 24: HITId=3H781YYV6TP7TEUDS75AMYRUJVMTET
[2015-06-25 11:49:24] INFO  (RequesterService.java: 1548) - Created HIT 25: HITId=3VEI3XUCZR4YAQ6BXWGQGVPG9HRRPZ
[2015-06-25 11:49:25] INFO  (RequesterService.java: 1548) - Created HIT 26: HITId=36QZ6V1589KN3AEKT7FPGBHB302USM
[2015-06-25 11:49:25] INFO  (RequesterService.java: 1548) - Created HIT 27: HITId=3R5LWXWHR0FCU9ZO3CWVB4XC97PXGX
[2015-06-25 11:49:25] INFO  (RequesterService.java: 1548) - Created HIT 28: HITId=3NI0WFPPI9N20Q47ONY2QZXC5M2064
[2015-06-25 11:49:25] INFO  (RequesterService.java: 1548) - Created HIT 29: HITId=3Z3R5YC0P3UZZSU9NIPG4GCUVW1TFB
[2015-06-25 11:49:25] INFO  (RequesterService.java: 1548) - Created HIT 30: HITId=3A9LA2FRWSLQU5UZNIEDW49DO72XHW
[2015-06-25 11:49:25] INFO  (RequesterService.java: 1548) - Created HIT 31: HITId=32LAQ1JNT9WOIARZI7KFQGDX5JGUTB
[2015-06-25 11:49:25] INFO  (RequesterService.java: 1548) - Created HIT 32: HITId=3XWUWJ18TLX3IN6OICAPVCZZOXNUU2
[2015-06-25 11:49:25] INFO  (RequesterService.java: 1548) - Created HIT 33: HITId=3VMV5CHJZ8M5DSQ4Y2VYM1C6WB1TGA
[2015-06-25 11:49:26] INFO  (RequesterService.java: 1548) - Created HIT 34: HITId=38G0E1M85MC3V2VON2KURY1I24WUVR
[2015-06-25 11:49:26] INFO  (RequesterService.java: 1548) - Created HIT 35: HITId=3E9ZFLPWOYZQQ05JT0WYWGASOKHXIP
[2015-06-25 11:49:26] INFO  (RequesterService.java: 1548) - Created HIT 36: HITId=3SMIWMMK61CGARVTDCPQD0KW9DYUW1
[2015-06-25 11:49:26] INFO  (RequesterService.java: 1548) - Created HIT 37: HITId=3EQVJH0T40SJDOLFI8DG71O7BBETH9
[2015-06-25 11:49:26] INFO  (RequesterService.java: 1548) - Created HIT 38: HITId=36KM3FWE3RJL4QIC7X3UWDX80XM073
[2015-06-25 11:49:26] INFO  (RequesterService.java: 1548) - Created HIT 39: HITId=3VLL1PIENQVPRHG1SDXODYMP8TEOZ8
[2015-06-25 11:49:26] INFO  (RequesterService.java: 1548) - Created HIT 40: HITId=3EN4YVUOUCZMLBPPBIHY8HPS1Z6XJ1
[2015-06-25 11:49:27] INFO  (RequesterService.java: 1548) - Created HIT 41: HITId=3IQ9O0AYW66J9JWZOQV17DPMBOTTI2
[2015-06-25 11:49:27] INFO  (RequesterService.java: 1548) - Created HIT 42: HITId=31SIZS5W59MJA27QX9VFG0FQEDDRQQ
[2015-06-25 11:49:27] INFO  (RequesterService.java: 1548) - Created HIT 43: HITId=3FSEU3P2NR7JM3MQAOKFLQPVAZFRRR
[2015-06-25 11:49:27] INFO  (RequesterService.java: 1548) - Created HIT 44: HITId=386T3MLZLN2P44NVH2V0ADT3BHS08Q
[2015-06-25 11:49:27] INFO  (RequesterService.java: 1548) - Created HIT 45: HITId=3SA4EMRVJV9AAWMC3JXBWZOT0RRP0Y
[2015-06-25 11:49:27] INFO  (RequesterService.java: 1548) - Created HIT 46: HITId=3Y40HMYLL1PVZR0JNHLCFJY3IF4UXU
[2015-06-25 11:49:27] INFO  (RequesterService.java: 1548) - Created HIT 47: HITId=3I4E7AFQ2K6F4UG568G1JE4MO3ITJE
[2015-06-25 11:49:27] INFO  (RequesterService.java: 1548) - Created HIT 48: HITId=3UDTAB6HH66PI965MU1EA9OEVNA09F
[2015-06-25 11:49:28] INFO  (RequesterService.java: 1548) - Created HIT 49: HITId=3FO95NVK5C7VNIM3PDKKB0URW1YRSF
[2015-06-25 11:49:28] INFO  (RequesterService.java: 1548) - Created HIT 50: HITId=3SSN80MU8CVHWVV7T3HA9WP5GO6XK0
[2015-06-25 11:49:28] INFO  (RequesterService.java: 1548) - Created HIT 51: HITId=3P458N04Q1OMFFRH4XB6903BZOL2XK
[2015-06-25 11:49:28] INFO  (RequesterService.java: 1548) - Created HIT 52: HITId=3XBXDSS888QSG1DPE3TBOW2K5OBXL3
[2015-06-25 11:49:28] INFO  (RequesterService.java: 1548) - Created HIT 53: HITId=37MQ8Z1JQE3BFKHR9TX8SEAK1UF2YQ
[2015-06-25 11:49:28] INFO  (RequesterService.java: 1548) - Created HIT 54: HITId=3GL25Y68431CMJVAEFUQO9H95T1XM5
[2015-06-25 11:49:28] INFO  (RequesterService.java: 1548) - Created HIT 55: HITId=3W9XHF7WGK2AFEMNOTGDKT4Z3SITKD
[2015-06-25 11:49:28] INFO  (RequesterService.java: 1548) - Created HIT 56: HITId=31S7M7DAGGXLZK459TSEZTHESSNTLG
[2015-06-25 11:49:29] INFO  (RequesterService.java: 1548) - Created HIT 57: HITId=3EPG8DX9LKX9538D0P3NDUKKHZ35P0
[2015-06-25 11:49:29] INFO  (RequesterService.java: 1548) - Created HIT 58: HITId=3GMLHYZ0LE4KZWQTSD7EYX5CKLYUY0
[2015-06-25 11:49:29] INFO  (RequesterService.java: 1548) - Created HIT 59: HITId=3K3G488TR2FU5F9S02ICDZAUMVP5QR
[2015-06-25 11:49:29] INFO  (RequesterService.java: 1548) - Created HIT 60: HITId=3P7QK0GJ3TSBKARW5FZR6LJM7OJ2ZH
[2015-06-25 11:49:29] INFO  (RequesterService.java: 1548) - Created HIT 61: HITId=31D0ZWOD0A63NSGAE0FE64ZY15S0AU
[2015-06-25 11:49:29] INFO  (RequesterService.java: 1548) - Created HIT 62: HITId=3QQUBC64ZELI41GAQG9Q1O69AJBXN5
[2015-06-25 11:49:29] INFO  (RequesterService.java: 1548) - Created HIT 63: HITId=3EFNPKWBMSV337HP5L04JWLSVV0301
[2015-06-25 11:49:30] INFO  (RequesterService.java: 1548) - Created HIT 64: HITId=3Y3CZJSZ9K0UHGOSDH7CIPKZIHR5RS
[2015-06-25 11:49:30] INFO  (RequesterService.java: 1548) - Created HIT 65: HITId=3D17ECOUOE23AW271444X1420N6314
[2015-06-25 11:49:30] INFO  (RequesterService.java: 1548) - Created HIT 66: HITId=3K2CEDRACB8552MQ95TTZ6W3SXDTMI
[2015-06-25 11:49:30] INFO  (RequesterService.java: 1548) - Created HIT 67: HITId=3ZLW647WAL2AZHK3K84I2KE7STK32L
[2015-06-25 11:49:30] INFO  (RequesterService.java: 1548) - Created HIT 68: HITId=31KPKEKW4AK862L2KEFA1FJ4JND0BP
[2015-06-25 11:49:32] INFO  (RequesterService.java: 1548) - Created HIT 69: HITId=3Y7LTZE0YTTK4M0YOZ9XC4EEQF2UZR
[2015-06-25 11:49:32] INFO  (RequesterService.java: 1548) - Created HIT 70: HITId=3VI0PC2ZAYR0MMGMRV93GD6E0TGXOK
[2015-06-25 11:49:32] INFO  (RequesterService.java: 1548) - Created HIT 71: HITId=3YZ7A3YHR506IVO5S67H8ZPV4JA5SG
[2015-06-25 11:49:33] INFO  (RequesterService.java: 1548) - Created HIT 72: HITId=389A2A304OPRG7D8YEB5CZPM18D0CW
[2015-06-25 11:49:33] INFO  (RequesterService.java: 1548) - Created HIT 73: HITId=3NOEP8XAU49I7MSN6VMI5DB4AYCXP1
[2015-06-25 11:49:33] INFO  (RequesterService.java: 1548) - Created HIT 74: HITId=3UUIU9GZC5C7XV1KH6C7I4LH62O5T5
[2015-06-25 11:49:33] INFO  (RequesterService.java: 1548) - Created HIT 75: HITId=3EAWOID6MT4NFGJ8PV6A2RDBMFSV0P
[2015-06-25 11:49:33] INFO  (RequesterService.java: 1548) - Created HIT 76: HITId=3U74KRR67MSBNK7QL68TCLL3XNNTNI
[2015-06-25 11:49:36] INFO  (RequesterService.java: 1548) - Created HIT 77: HITId=3ZZAYRN1I6YT5572ML86RAL8NXSTOX
[2015-06-25 11:49:36] INFO  (RequesterService.java: 1548) - Created HIT 78: HITId=3XUSYT70IT81LZJMYA6GW574M8P0DW
[2015-06-25 11:49:36] INFO  (RequesterService.java: 1548) - Created HIT 79: HITId=3P520RYKCHDMX8G9HB2HN07JPGV5UW
[2015-06-25 11:49:36] INFO  (RequesterService.java: 1548) - Created HIT 80: HITId=30P8I9JKOISMAN59M1CMJM923N45VL
[2015-06-25 11:49:38] INFO  (RequesterService.java: 1548) - Created HIT 81: HITId=3KVQ0UJWPXSZPC5ECBHI5OSGAW65WV
[2015-06-25 11:49:38] INFO  (RequesterService.java: 1548) - Created HIT 82: HITId=3JAOYN9IHL9ZKZGMO8INLUJZY7K33W
[2015-06-25 11:49:38] INFO  (RequesterService.java: 1548) - Created HIT 83: HITId=3R5OYNIC2CGBQ5J31LLLGAQYX2OTPE
[2015-06-25 11:49:38] INFO  (RequesterService.java: 1548) - Created HIT 84: HITId=3DWGDA5POFBNM54QLEAAGWWLR7YV1S
[2015-06-25 11:49:39] INFO  (RequesterService.java: 1548) - Created HIT 85: HITId=3T2EL38U0MR37YT268175I1EFUYXQS
[2015-06-25 11:49:39] INFO  (RequesterService.java: 1548) - Created HIT 86: HITId=372AGES0I4C3JZ82JNQ7A8BJBG0XRT
[2015-06-25 11:49:41] INFO  (RequesterService.java: 1548) - Created HIT 87: HITId=3ICOHX7ENCI6D5XMU5H02NPPMKQ0EP
[2015-06-25 11:49:45] INFO  (RequesterService.java: 1548) - Created HIT 88: HITId=3Y40HMYLL1PVZR0JNHLCFJY3IF4XUX
[2015-06-25 11:49:45] INFO  (RequesterService.java: 1548) - Created HIT 89: HITId=3QD8LUVX4X5EECA4MGD4776NJYC5XO
[2015-06-25 11:49:45] INFO  (RequesterService.java: 1548) - Created HIT 90: HITId=37Y5RYYI0PCFKE8FYCQC0IGFXIJXSH
[2015-06-25 11:49:45] INFO  (RequesterService.java: 1548) - Created HIT 91: HITId=382GHPVPHSYK2VZQOMN6VZB5C7G34H
[2015-06-25 11:49:45] INFO  (RequesterService.java: 1548) - Created HIT 92: HITId=3087LXLJ6MNYJJXIPG16K5APYL50F7
[2015-06-25 11:49:45] INFO  (RequesterService.java: 1548) - Created HIT 93: HITId=3ZG552ORAMBUBQMM4IAOLF6QJDCV29
[2015-06-25 11:49:45] INFO  (RequesterService.java: 1548) - Created HIT 94: HITId=3J5XXLQDHMIJW8I58IOT4PBIPRCV3K
[2015-06-25 11:49:45] INFO  (RequesterService.java: 1548) - Created HIT 95: HITId=38VTL6WC4AK3EH0ERCZ6QLDWL465YU
[2015-06-25 11:49:45] INFO  (RequesterService.java: 1548) - Created HIT 96: HITId=3WRBLBQ2GRF4XJTD007O2QA1Z050G6
[2015-06-25 11:49:45] INFO  (RequesterService.java: 1548) - Created HIT 97: HITId=3XJOUITW8UYWQHKI1Y0AGFG82YATQ5
[2015-06-25 11:49:45] INFO  (RequesterService.java: 1548) - Created HIT 98: HITId=33TGB4G0LPOGZELUNCV2ANC1Z1XXT6
[2015-06-25 11:49:45] INFO  (RequesterService.java: 1548) - Created HIT 99: HITId=38XPGNCKHT74E4198WTCEU3O3R8V45
[2015-06-25 11:49:48] INFO  (RequesterService.java: 1548) - Created HIT 100: HITId=30P8I9JKOISMAN59M1CMJM923N3V5A
[2015-06-25 11:49:48] INFO  (RequesterService.java: 1548) - Created HIT 101: HITId=30UZJB2POHJ2YE3Q2R6G0RHJC3B35M
[2015-06-25 11:49:52] INFO  (RequesterService.java: 1548) - Created HIT 102: HITId=3BFNCI9LYKXHLIH9QKLDYBVF396371
[2015-06-25 11:49:52] INFO  (RequesterService.java: 1548) - Created HIT 103: HITId=3FVBZG9CLJLIXFOOK6P6NQM2E0I0H5
[2015-06-25 11:49:52] INFO  (RequesterService.java: 1548) - Created HIT 104: HITId=3S8A4GJRD3AITR5NRKMRBSN2ZIEV6Q
[2015-06-25 11:49:52] INFO  (RequesterService.java: 1548) - Created HIT 105: HITId=3SD15I2WD21YHI347AGLSXVJ8YM362
[2015-06-25 11:49:52] INFO  (RequesterService.java: 1548) - Created HIT 106: HITId=39O6Z4JLX24VC6PJS7VHB50MWMDXVM
[2015-06-25 11:49:52] INFO  (RequesterService.java: 1548) - Created HIT 107: HITId=3QGTX7BCHP93J7AJNY1P4SMYRYA5ZL
[2015-06-25 11:49:52] INFO  (RequesterService.java: 1548) - Created HIT 108: HITId=3BJKPTD2QCJW2IZIEDPAL5QDYKCTR6
[2015-06-25 11:49:52] INFO  (RequesterService.java: 1548) - Created HIT 109: HITId=3BAWBGQGYL61XRJSAURJH6NYUTYV7P
[2015-06-25 11:49:52] INFO  (RequesterService.java: 1548) - Created HIT 110: HITId=3DW3BNF1GHP5X5OBKZJPV6JT5D4V8C
[2015-06-25 11:49:52] INFO  (RequesterService.java: 1548) - Created HIT 111: HITId=3NI0WFPPI9N20Q47ONY2QZXC5M260A
[2015-06-25 11:49:53] INFO  (RequesterService.java: 1548) - Created HIT 112: HITId=3D1UCPY6GGGLLWMS0PDJCBRAETC38O
[2015-06-25 11:49:53] INFO  (RequesterService.java: 1548) - Created HIT 113: HITId=3JVP4ZJHDPZITAZ8QO7RN2NHEDX0IY
[2015-06-25 11:49:53] INFO  (RequesterService.java: 1548) - Created HIT 114: HITId=3J9UN9O9J3ZEOLJE86SRZ32HRSM0JA
[2015-06-25 11:49:55] INFO  (RequesterService.java: 1548) - Created HIT 115: HITId=3XEDXEGFX3V9Z5PWQRS30I2U6HM0K9
[2015-06-25 11:49:55] INFO  (RequesterService.java: 1548) - Created HIT 116: HITId=3Z33IC0JC0T5BA7LPRP3V2E4PJMV91
[2015-06-25 11:49:55] INFO  (RequesterService.java: 1548) - Created HIT 117: HITId=3BFF0DJK8XJ83XZVT2PFBFV9KMVTSU
[2015-06-25 11:49:55] INFO  (RequesterService.java: 1548) - Created HIT 118: HITId=3Z8UJEJOCZKLZ1525HJXC7MLYZU39D
[2015-06-25 11:49:55] INFO  (RequesterService.java: 1548) - Created HIT 119: HITId=36818Z1KV3KZ4KF7XNXX82X54HC3AS
[2015-06-25 11:49:56] INFO  (RequesterService.java: 1548) - Created HIT 120: HITId=32XN26MTXZQKJB7EBR44FIF9VHR0LC
[2015-06-25 11:49:56] INFO  (RequesterService.java: 1548) - Created HIT 121: HITId=3M4KL7H8KVU27FPPK62244GMAE861D
[2015-06-25 11:50:04] INFO  (RequesterService.java: 1548) - Created HIT 122: HITId=3N7PQ0KLI5W2UXWJDSZJ4LNWPWA3EN
[2015-06-25 11:50:04] INFO  (RequesterService.java: 1548) - Created HIT 123: HITId=363A7XIFV4TJGTHQHX33RXPOV14VAG
[2015-06-25 11:50:04] INFO  (RequesterService.java: 1548) - Created HIT 124: HITId=36AZSFEYZ47OZ3MINB3ZM89UDJPVBB
[2015-06-25 11:50:04] INFO  (RequesterService.java: 1548) - Created HIT 125: HITId=38O9DZ0A62U9W07L3A2G9NQR2KM62U
[2015-06-25 11:50:04] INFO  (RequesterService.java: 1548) - Created HIT 126: HITId=3SD15I2WD21YHI347AGLSXVJ8YM635
[2015-06-25 11:50:04] INFO  (RequesterService.java: 1548) - Created HIT 127: HITId=3DZKABX2ZIC798EO1BZUXSFCV4PVCI
[2015-06-25 11:50:04] INFO  (RequesterService.java: 1548) - Created HIT 128: HITId=36FQTHX3Z3Y4NUKZ31XT3DHBMZX3BN
[2015-06-25 11:50:04] INFO  (RequesterService.java: 1548) - Created HIT 129: HITId=32K26U12DNVHE0K217U5HYXUG41VDI
[2015-06-25 11:50:04] INFO  (RequesterService.java: 1548) - Created HIT 130: HITId=37AQKJ12TXV9IXCAI2U5LKRVM59TTJ
[2015-06-25 11:50:04] INFO  (RequesterService.java: 1548) - Created HIT 131: HITId=3L7SUC0TTU14PTPZB35JFVUYVMH0ME
[2015-06-25 11:50:04] INFO  (RequesterService.java: 1548) - Created HIT 132: HITId=3D4BBDG7ZH3NXZC5H1TOEXNT4KX3CU
[2015-06-25 11:50:04] INFO  (RequesterService.java: 1548) - Created HIT 133: HITId=3ZC62PVYDHHNGVUESMWZZQX7CXLXXP
[2015-06-25 11:50:04] INFO  (RequesterService.java: 1548) - Created HIT 134: HITId=32PT7WK7DMMX2RIJHXOZY35BPK93DU
[2015-06-25 11:50:04] INFO  (RequesterService.java: 1548) - Created HIT 135: HITId=32LAQ1JNT9WOIARZI7KFQGDX5JGTUA
[2015-06-25 11:50:04] INFO  (RequesterService.java: 1548) - Created HIT 136: HITId=3538U0YQ1F1U0BWF83JPM38W1XP3F5
[2015-06-25 11:50:07] INFO  (RequesterService.java: 1548) - Created HIT 137: HITId=39XCQ6V3KYB1VXQ8LT4E7UT3MUD65V
[2015-06-25 11:50:07] INFO  (RequesterService.java: 1548) - Created HIT 138: HITId=3VCK0Q0PO5LA7BAZN4KJSAJY0CR0NE
[2015-06-25 11:50:07] INFO  (RequesterService.java: 1548) - Created HIT 139: HITId=3H5TOKO3D9QJZEM87OL422NPMYI64Q
[2015-06-25 11:50:07] INFO  (RequesterService.java: 1548) - Created HIT 140: HITId=3N2YPY1GI65M66Y2X25PNGFFGG2VEB
[2015-06-25 11:50:07] INFO  (RequesterService.java: 1548) - Created HIT 141: HITId=35YHTYFL1GAECKYYSDPV5Y0FSHHVFT
[2015-06-25 11:50:07] INFO  (RequesterService.java: 1548) - Created HIT 142: HITId=3HUR21WDDUWCG0KOXII1I44GE3FXYV
[2015-06-25 11:50:08] INFO  (RequesterService.java: 1548) - Created HIT 143: HITId=31MCUE39BKT0EBSAJNP74O882CP3G4
[2015-06-25 11:50:08] INFO  (RequesterService.java: 1548) - Created HIT 144: HITId=3KQC8JMJGCZEE7NL3T7PPOK9HC23H3
[2015-06-25 11:50:08] INFO  (RequesterService.java: 1548) - Created HIT 145: HITId=31GECDVA9JTXE1QMQCEJZ073IPO66B
[2015-06-25 11:50:10] INFO  (RequesterService.java: 1548) - Created HIT 146: HITId=3OQQD2WO8IDEA2Y59BPAP0LOHPH3IW
[2015-06-25 11:50:12] INFO  (RequesterService.java: 1548) - Created HIT 147: HITId=3O4VWC1GEWDA5DIBRTAA110OU463J8
[2015-06-25 11:50:12] INFO  (RequesterService.java: 1548) - Created HIT 148: HITId=3KI0JD2ZU1PGI14R9MJB5E7ZD0867A
[2015-06-25 11:50:12] INFO  (RequesterService.java: 1548) - Created HIT 149: HITId=3M47JKRKCX8KIF9AJRBHJE3UOKE68X
[2015-06-25 11:50:12] INFO  (RequesterService.java: 1548) - Created HIT 150: HITId=38B7Q9C28GCKWKSKOJHVJAY58QW69M
[2015-06-25 11:50:12] INFO  (RequesterService.java: 1548) - Created HIT 151: HITId=31HLTCK4BL2KQKUT3XVDNJ0RTWHVGS
[2015-06-25 11:50:13] INFO  (RequesterService.java: 1548) - Created HIT 152: HITId=304QEQWKZPRSPWABOJKW7ZJ3QMW0OT
[2015-06-25 11:50:13] INFO  (RequesterService.java: 1548) - Created HIT 153: HITId=3FBEFUUYRKCY132PGPVVF59PE8E6A1
[2015-06-25 11:50:13] INFO  (RequesterService.java: 1548) - Created HIT 154: HITId=3FI30CQHVKQ3KD7HM3VRAGTVWQZ6BW
[2015-06-25 11:50:14] INFO  (RequesterService.java: 1548) - Created HIT 155: HITId=3D5G8J4N5ABOVPGZNXUKM2FGJQPTVZ
[2015-06-25 11:50:14] INFO  (RequesterService.java: 1548) - Created HIT 156: HITId=3KLL7H3EGD8YQGP4N3DV8JCS8WUVHR
[2015-06-25 11:50:15] INFO  (RequesterService.java: 1548) - Created HIT 157: HITId=3SA4EMRVJV9AAWMC3JXBWZOT0RS0PA
[2015-06-25 11:50:16] INFO  (RequesterService.java: 1548) - Created HIT 158: HITId=3XBYQ44Z6PB1AEG4D7ZG84YUQZRTW9
[2015-06-25 11:50:16] INFO  (RequesterService.java: 1548) - Created HIT 159: HITId=3OLZC0DJ8JMYMB0OTLVG8VD7899VIK
[2015-06-25 11:50:16] INFO  (RequesterService.java: 1548) - Created HIT 160: HITId=3ZFRE2BDQ9LCLQUTT4KKWBDIKXJXZM
[2015-06-25 11:50:17] INFO  (RequesterService.java: 1548) - Created HIT 161: HITId=33TGB4G0LPOGZELUNCV2ANC1Z1XTX2
[2015-06-25 11:50:17] INFO  (RequesterService.java: 1548) - Created HIT 162: HITId=3M7OI89LVYVMUIZN03RML0ZDEBZ6C3
[2015-06-25 11:50:19] INFO  (RequesterService.java: 1548) - Created HIT 163: HITId=3OZ4VAIBEXMUHMKUB3GGKWS7LOYVJW
[2015-06-25 11:50:19] INFO  (RequesterService.java: 1548) - Created HIT 164: HITId=3MGHRFQY2LW4JAEDU6TU9QH54WUY01
[2015-06-25 11:50:19] INFO  (RequesterService.java: 1548) - Created HIT 165: HITId=3L21G7IH4734QZZVQPXUNV0F9O0Y14
[2015-06-25 11:50:19] INFO  (RequesterService.java: 1548) - Created HIT 166: HITId=3YO4AH2FPDRVA8NR3WC0W4E35NE0Q1
[2015-06-25 11:50:20] INFO  (RequesterService.java: 1548) - Created HIT 167: HITId=329E6HTMSW95GXOT9EAM2G019T63K7
[2015-06-25 11:50:20] INFO  (RequesterService.java: 1548) - Created HIT 168: HITId=324N5FAHSXIPS6QCTOGSLBSK0DYVKV
[2015-06-25 11:50:22] INFO  (RequesterService.java: 1548) - Created HIT 169: HITId=3CO05SML7VCVM92RGB101UO819G0R2
[2015-06-25 11:50:22] INFO  (RequesterService.java: 1548) - Created HIT 170: HITId=3RBI0I35XEA002DADTBDBOFC78EY3W
[2015-06-25 11:50:22] INFO  (RequesterService.java: 1548) - Created HIT 171: HITId=37MQ8Z1JQE3BFKHR9TX8SEAK1UEY2L
[2015-06-25 11:50:23] INFO  (RequesterService.java: 1548) - Created HIT 172: HITId=37SOB9Z0SS4G036BUEMNHGDGYTB3LA
[2015-06-25 11:50:23] INFO  (RequesterService.java: 1548) - Created HIT 173: HITId=3Q2T3FD0ONF06LOWUQN2HTS5YY13MC
[2015-06-25 11:50:23] INFO  (RequesterService.java: 1548) - Created HIT 174: HITId=3CKVGCS3PGC7NO24V015R4T4NBZ0SQ
[2015-06-25 11:50:25] INFO  (RequesterService.java: 1548) - Created HIT 175: HITId=38F60IALAGO82OFJK06V19PQPUD0TF
[2015-06-25 11:50:25] INFO  (RequesterService.java: 1548) - Created HIT 176: HITId=37NXA7GVSTD0CC8UEOST0B5ZPD3VLY
[2015-06-25 11:50:25] INFO  (RequesterService.java: 1548) - Created HIT 177: HITId=3LB1BGHFL235ZJB4S8H4T1JA17RTY8
[2015-06-25 11:50:25] INFO  (RequesterService.java: 1548) - Created HIT 178: HITId=3G3AJKPCXLZLIYWED7GWLT7IL8AY4H
[2015-06-25 11:50:28] INFO  (RequesterService.java: 1548) - Created HIT 179: HITId=33W1NHWFYHS549L9OUJN78SC71VTZZ
[2015-06-25 11:50:28] INFO  (RequesterService.java: 1548) - Created HIT 180: HITId=38VTL6WC4AK3EH0ERCZ6QLDWL45Y5M
[2015-06-25 11:50:28] INFO  (RequesterService.java: 1548) - Created HIT 181: HITId=307L9TDWJYZ6O39W6R22U8H53OB3NC
[2015-06-25 11:50:28] INFO  (RequesterService.java: 1548) - Created HIT 182: HITId=3BS6ERDL93EWZA510ZMX56HVZBB6D3
[2015-06-25 11:50:28] INFO  (RequesterService.java: 1548) - Created HIT 183: HITId=3WA2XVDZEMO1RGJ1WUXHBOZGZNC6EW
[2015-06-25 11:50:28] INFO  (RequesterService.java: 1548) - Created HIT 184: HITId=30EV7DWJTV2ZXL0SWV9BIRRWHZGY62
[2015-06-25 11:50:30] INFO  (RequesterService.java: 1548) - Created HIT 185: HITId=33QQ60S6ASPN21U8K5W565BS88K0U6
[2015-06-25 11:50:30] INFO  (RequesterService.java: 1548) - Created HIT 186: HITId=3JGHED38EDYI1LEXF5E3O5RSCA0Y71
[2015-06-25 11:50:30] INFO  (RequesterService.java: 1548) - Created HIT 187: HITId=3QX22DUVOOOKIUQFE0T80OKOPITVM0
[2015-06-25 11:50:31] INFO  (RequesterService.java: 1548) - Created HIT 188: HITId=302U8RURJZ8Q0CBFQ188D39OU83VN0
[2015-06-25 11:50:31] INFO  (RequesterService.java: 1548) - Created HIT 189: HITId=35ZRNT9RUI5O6O98762F9XHATYG3OR
[2015-06-25 11:50:31] INFO  (RequesterService.java: 1548) - Created HIT 190: HITId=3E6L1VR4XWTTXUJXR5HNT6KGBOR6FE
[2015-06-25 11:50:31] INFO  (RequesterService.java: 1548) - Created HIT 191: HITId=3X55NP42EON6ROL9M6FUYXM033C3P8
[2015-06-25 11:50:32] INFO  (RequesterService.java: 1548) - Created HIT 192: HITId=33QQ60S6ASPN21U8K5W565BS88JU0Z
[2015-06-25 11:50:34] INFO  (RequesterService.java: 1548) - Created HIT 193: HITId=3L2OEKSTW9HM1ZJGPA6925NNNU6Y8O
[2015-06-25 11:50:38] INFO  (RequesterService.java: 1548) - Created HIT 194: HITId=38LRF35D5L3JJTT53SEO839ZBK3U3U
[2015-06-25 11:50:38] INFO  (RequesterService.java: 1548) - Created HIT 195: HITId=35U0MRQMUJE8IXBRRG8LSS9TKI8VOF
[2015-06-25 11:50:38] INFO  (RequesterService.java: 1548) - Created HIT 196: HITId=33J5JKFMK65RR0MOMJUJY2CA8ZY3QZ
[2015-06-25 11:50:38] INFO  (RequesterService.java: 1548) - Created HIT 197: HITId=3APP19WN71LZBUFS2PN5BRKSC3R6GD
[2015-06-25 11:50:38] INFO  (RequesterService.java: 1548) - Created HIT 198: HITId=3HJ1EVZS2OQR311OZYJJ3SMF4L03R0
[2015-06-25 11:50:38] INFO  (RequesterService.java: 1548) - Created HIT 199: HITId=32CAVSKPCEWN9QFQGO05KAU2D0PU12
[2015-06-25 11:50:38] INFO  (RequesterService.java: 1548) - Created HIT 200: HITId=3OWZNK3RYLWUYBXMZS0JPT47563U2J
[2015-06-25 11:50:38] INFO  (RequesterService.java: 1592) - 
You may see your HIT(s) with HITTypeId '3SJVZHW5MXWIDBXUWWPPMK3J8GHDZO' here: 
[2015-06-25 11:50:38] INFO  (RequesterService.java: 1593) - 
  https://workersandbox.mturk.com/mturk/preview?groupId=3SJVZHW5MXWIDBXUWWPPMK3J8GHDZO

[2015-06-25 11:50:38] INFO  (LoadHITs.java: 239) -   End time: Thu Jun 25 11:50:38 PDT 2015
[2015-06-25 11:50:38] INFO  (LoadHITs.java: 240) - --[Done Loading HITs]----------
[2015-06-25 11:50:38] INFO  (LoadHITs.java: 241) -   Total load time: 77 seconds.
[2015-06-25 11:50:38] INFO  (LoadHITs.java: 243) -   Successfully loaded 200 HITs.
